#
# There is insufficient memory for the Java Runtime Environment to continue.
# Native memory allocation (malloc) failed to allocate 1392096 bytes for Chunk::new
# Possible reasons:
#   The system is out of physical RAM or swap space
#   The process is running with CompressedOops enabled, and the Java Heap may be blocking the growth of the native heap
# Possible solutions:
#   Reduce memory load on the system
#   Increase physical memory or swap space
#   Check if swap backing store is full
#   Decrease Java heap size (-Xmx/-Xms)
#   Decrease number of Java threads
#   Decrease Java thread stack sizes (-Xss)
#   Set larger code cache with -XX:ReservedCodeCacheSize=
#   JVM is running with Unscaled Compressed Oops mode in which the Java heap is
#     placed in the first 4GB address space. The Java Heap base address is the
#     maximum limit for the native heap growth. Please use -XX:HeapBaseMinAddress
#     to set the Java Heap base and to place the Java Heap above 4GB virtual address.
# This output file may be truncated or incomplete.
#
#  Out of Memory Error (./src/hotspot/share/memory/arena.cpp:197), pid=928, tid=7844
#
# JRE version: OpenJDK Runtime Environment (11.0.13) (build 11.0.13+0-b1751.21-8125866)
# Java VM: OpenJDK 64-Bit Server VM (11.0.13+0-b1751.21-8125866, mixed mode, tiered, compressed oops, g1 gc, windows-amd64)
# No core dump will be written. Minidumps are not enabled by default on client versions of Windows
#

---------------  S U M M A R Y ------------

Command Line: --add-opens=java.base/java.util=ALL-UNNAMED --add-opens=java.base/java.lang=ALL-UNNAMED --add-opens=java.base/java.lang.invoke=ALL-UNNAMED --add-opens=java.base/java.util=ALL-UNNAMED --add-opens=java.prefs/java.util.prefs=ALL-UNNAMED --add-opens=java.prefs/java.util.prefs=ALL-UNNAMED --add-opens=java.base/java.nio.charset=ALL-UNNAMED --add-opens=java.base/java.net=ALL-UNNAMED --add-opens=java.base/java.util.concurrent.atomic=ALL-UNNAMED -Xmx2048m -Dfile.encoding=UTF-8 -Duser.country=TW -Duser.language=zh -Duser.variant org.gradle.launcher.daemon.bootstrap.GradleDaemon 7.4

Host: Intel(R) Core(TM) i7-8700 CPU @ 3.20GHz, 12 cores, 7G,  Windows 10 , 64 bit Build 19041 (10.0.19041.928)
Time: Mon May 22 12:38:56 2023 中國標準時間 elapsed time: 5.675478 seconds (0d 0h 0m 5s)

---------------  T H R E A D  ---------------

Current thread (0x000000001e88a000):  JavaThread "C2 CompilerThread1" daemon [_thread_in_native, id=7844, stack(0x000000001f8c0000,0x000000001f9c0000)]


Current CompileTask:
C2:   5675 6955       4       java.beans.Introspector::addMethod (196 bytes)

Stack: [0x000000001f8c0000,0x000000001f9c0000]
Native frames: (J=compiled Java code, j=interpreted, Vv=VM code, C=native code)
V  [jvm.dll+0x6100fa]
V  [jvm.dll+0x747090]
V  [jvm.dll+0x7486ad]
V  [jvm.dll+0x748d83]
V  [jvm.dll+0x24ab48]
V  [jvm.dll+0xc04dc]
V  [jvm.dll+0xc0a0c]
V  [jvm.dll+0x2bfab4]
V  [jvm.dll+0x524238]
V  [jvm.dll+0x20b193]
V  [jvm.dll+0x204ca0]
V  [jvm.dll+0x2023c2]
V  [jvm.dll+0x188e01]
V  [jvm.dll+0x21106b]
V  [jvm.dll+0x20f8c1]
V  [jvm.dll+0x70de0f]
V  [jvm.dll+0x706a75]
V  [jvm.dll+0x60ed66]
C  [ucrtbase.dll+0x21bb2]
C  [KERNEL32.DLL+0x17034]
C  [ntdll.dll+0x52651]


---------------  P R O C E S S  ---------------

Threads class SMR info:
_java_thread_list=0x0000000027a152e0, length=168, elements={
0x0000000002b90800, 0x000000001d788000, 0x000000001d791800, 0x000000001e50a000,
0x000000001e50b800, 0x000000001e50c800, 0x000000001e511800, 0x000000001e514800,
0x000000001e518000, 0x000000001e67d000, 0x000000001e88a000, 0x000000002097f800,
0x000000001fd14800, 0x0000000021b24800, 0x00000000205e5800, 0x0000000020fc5000,
0x0000000020017000, 0x00000000213c2800, 0x00000000213c3000, 0x0000000020951000,
0x0000000021e39800, 0x0000000021e33800, 0x0000000021e2e800, 0x0000000021e32000,
0x0000000021e34800, 0x0000000021e35000, 0x0000000021e31000, 0x0000000021e2f800,
0x0000000021e32800, 0x0000000021e30800, 0x0000000025b92800, 0x0000000025b90800,
0x0000000025b94000, 0x0000000025b8e800, 0x0000000025b97000, 0x0000000025b95800,
0x0000000025b93000, 0x0000000025b95000, 0x0000000025b96800, 0x0000000025b91800,
0x0000000025b98000, 0x0000000025b9c000, 0x0000000025b99000, 0x0000000025b9a800,
0x0000000025b99800, 0x0000000025b9b800, 0x000000002580d000, 0x0000000025807800,
0x000000002580b800, 0x0000000025809000, 0x000000002580c800, 0x000000002580e000,
0x000000002580b000, 0x000000002580a000, 0x0000000025808800, 0x0000000025811800,
0x000000002580f000, 0x0000000025810800, 0x0000000025813800, 0x0000000025812000,
0x000000002580f800, 0x0000000025813000, 0x0000000025815800, 0x0000000025814800,
0x0000000025816000, 0x0000000022f04800, 0x0000000022f01800, 0x0000000022f05800,
0x0000000022f07000, 0x0000000022f02800, 0x0000000022f06800, 0x0000000022f08000,
0x0000000022f03000, 0x0000000022f04000, 0x0000000027db3000, 0x0000000027db4800,
0x0000000027db3800, 0x0000000027daf800, 0x0000000027dae800, 0x0000000027db1000,
0x0000000027db5000, 0x0000000027db2000, 0x0000000027db6000, 0x0000000027db0800,
0x0000000027dbc800, 0x0000000027dba000, 0x0000000027db7000, 0x0000000027dbd800,
0x0000000027db7800, 0x0000000027dbb800, 0x0000000027db9800, 0x0000000027dbb000,
0x0000000027db8800, 0x0000000029bd7000, 0x0000000029bd8000, 0x0000000029bd2800,
0x0000000029bd3000, 0x0000000029bd6800, 0x0000000029bd9000, 0x0000000029bd4800,
0x0000000029bd4000, 0x0000000029bd9800, 0x0000000029bda800, 0x0000000029bdb800,
0x0000000029bd5800, 0x0000000029bdc000, 0x0000000029bdf800, 0x0000000029be1000,
0x0000000029bdd800, 0x0000000029bdd000, 0x0000000029bde800, 0x0000000029be0000,
0x0000000025b51000, 0x0000000025b52800, 0x0000000025b53800, 0x0000000025b4f800,
0x0000000025b54800, 0x0000000025b52000, 0x0000000025b55000, 0x0000000025b56000,
0x0000000025b50000, 0x0000000025b57800, 0x0000000025b59000, 0x0000000025b58800,
0x0000000025b5a000, 0x0000000025b5b000, 0x0000000025b5b800, 0x0000000025b5c800,
0x0000000025b57000, 0x0000000025b5d800, 0x0000000025b5e000, 0x0000000025a3f000,
0x0000000025a3d800, 0x0000000025a41000, 0x0000000025a3e800, 0x0000000025a3c800,
0x0000000025a45000, 0x0000000025a40000, 0x0000000025a42800, 0x0000000025a43000,
0x0000000025a45800, 0x0000000025a44000, 0x0000000025a46800, 0x0000000025a47800,
0x0000000025a41800, 0x0000000025a48000, 0x0000000025a49000, 0x0000000025a4b800,
0x0000000025a49800, 0x0000000025a4a800, 0x0000000027e2e800, 0x0000000027e2b000,
0x0000000027e2c000, 0x0000000027e2c800, 0x0000000027e2d800, 0x0000000027e2f000,
0x0000000027e29800, 0x0000000027e30000, 0x0000000027e2a000, 0x0000000027e31000,
0x0000000027e34000, 0x0000000027e33000, 0x0000000027e32800, 0x0000000027e35000,
0x0000000027e37800, 0x0000000027e31800, 0x0000000027e35800, 0x0000000027e36800
}

Java Threads: ( => current thread )
  0x0000000002b90800 JavaThread "main" [_thread_blocked, id=7988, stack(0x0000000002270000,0x0000000002370000)]
  0x000000001d788000 JavaThread "Reference Handler" daemon [_thread_blocked, id=8292, stack(0x000000001e2c0000,0x000000001e3c0000)]
  0x000000001d791800 JavaThread "Finalizer" daemon [_thread_blocked, id=1576, stack(0x000000001e3c0000,0x000000001e4c0000)]
  0x000000001e50a000 JavaThread "Signal Dispatcher" daemon [_thread_blocked, id=9032, stack(0x000000001e8c0000,0x000000001e9c0000)]
  0x000000001e50b800 JavaThread "Attach Listener" daemon [_thread_blocked, id=5096, stack(0x000000001e9c0000,0x000000001eac0000)]
  0x000000001e50c800 JavaThread "Service Thread" daemon [_thread_blocked, id=3800, stack(0x000000001eac0000,0x000000001ebc0000)]
  0x000000001e511800 JavaThread "C2 CompilerThread0" daemon [_thread_in_native, id=6108, stack(0x000000001ebc0000,0x000000001ecc0000)]
  0x000000001e514800 JavaThread "C1 CompilerThread0" daemon [_thread_blocked, id=5252, stack(0x000000001ecc0000,0x000000001edc0000)]
  0x000000001e518000 JavaThread "Sweeper thread" daemon [_thread_blocked, id=3548, stack(0x000000001edc0000,0x000000001eec0000)]
  0x000000001e67d000 JavaThread "Common-Cleaner" daemon [_thread_blocked, id=7008, stack(0x000000001eec0000,0x000000001efc0000)]
=>0x000000001e88a000 JavaThread "C2 CompilerThread1" daemon [_thread_in_native, id=7844, stack(0x000000001f8c0000,0x000000001f9c0000)]
  0x000000002097f800 JavaThread "C2 CompilerThread2" daemon [_thread_in_native, id=2544, stack(0x0000000021f60000,0x0000000022060000)]
  0x000000001fd14800 JavaThread "Daemon health stats" [_thread_blocked, id=10096, stack(0x00000000235a0000,0x00000000236a0000)]
  0x0000000021b24800 JavaThread "Incoming local TCP Connector on port 51592" [_thread_in_native, id=2944, stack(0x0000000023030000,0x0000000023130000)]
  0x00000000205e5800 JavaThread "Daemon periodic checks" [_thread_blocked, id=11156, stack(0x0000000023a90000,0x0000000023b90000)]
  0x0000000020fc5000 JavaThread "Daemon" [_thread_blocked, id=9984, stack(0x0000000023b90000,0x0000000023c90000)]
  0x0000000020017000 JavaThread "Handler for socket connection from /127.0.0.1:51592 to /127.0.0.1:51593" [_thread_in_native, id=1568, stack(0x0000000023c90000,0x0000000023d90000)]
  0x00000000213c2800 JavaThread "Cancel handler" [_thread_blocked, id=2808, stack(0x0000000023d90000,0x0000000023e90000)]
  0x00000000213c3000 JavaThread "Daemon worker" [_thread_in_vm, id=6284, stack(0x0000000023e90000,0x0000000023f90000)]
  0x0000000020951000 JavaThread "Asynchronous log dispatcher for DefaultDaemonConnection: socket connection from /127.0.0.1:51592 to /127.0.0.1:51593" [_thread_blocked, id=1812, stack(0x0000000023f90000,0x0000000024090000)]
  0x0000000021e39800 JavaThread "Stdin handler" [_thread_blocked, id=4848, stack(0x0000000024090000,0x0000000024190000)]
  0x0000000021e33800 JavaThread "Daemon client event forwarder" [_thread_blocked, id=7116, stack(0x0000000024190000,0x0000000024290000)]
  0x0000000021e2e800 JavaThread "Cache worker for journal cache (C:\Users\User\.gradle\caches\journal-1)" [_thread_blocked, id=11136, stack(0x0000000024b90000,0x0000000024c90000)]
  0x0000000021e32000 JavaThread "File lock request listener" [_thread_in_native, id=6748, stack(0x0000000024c90000,0x0000000024d90000)]
  0x0000000021e34800 JavaThread "Cache worker for file hash cache (C:\Users\User\.gradle\caches\7.4\fileHashes)" [_thread_blocked, id=3796, stack(0x0000000024d90000,0x0000000024e90000)]
  0x0000000021e35000 JavaThread "File watcher server" daemon [_thread_in_native, id=7880, stack(0x0000000026520000,0x0000000026620000)]
  0x0000000021e31000 JavaThread "File watcher consumer" daemon [_thread_blocked, id=10912, stack(0x0000000026620000,0x0000000026720000)]
  0x0000000021e2f800 JavaThread "Cache worker for checksums cache (C:\Users\User\Desktop\QRLockApp\.gradle\7.4\checksums)" [_thread_blocked, id=1832, stack(0x0000000026720000,0x0000000026820000)]
  0x0000000021e32800 JavaThread "Cache worker for cache directory md-rule (C:\Users\User\.gradle\caches\7.4\md-rule)" [_thread_blocked, id=10920, stack(0x0000000026820000,0x0000000026920000)]
  0x0000000021e30800 JavaThread "Cache worker for file hash cache (C:\Users\User\Desktop\QRLockApp\.gradle\7.4\fileHashes)" [_thread_blocked, id=5436, stack(0x0000000026b20000,0x0000000026c20000)]
  0x0000000025b92800 JavaThread "Cache worker for cache directory md-supplier (C:\Users\User\.gradle\caches\7.4\md-supplier)" [_thread_blocked, id=6560, stack(0x0000000027e60000,0x0000000027f60000)]
  0x0000000025b90800 JavaThread "Cache worker for execution history cache (C:\Users\User\.gradle\caches\7.4\executionHistory)" [_thread_blocked, id=2964, stack(0x0000000027f60000,0x0000000028060000)]
  0x0000000025b94000 JavaThread "jar transforms" [_thread_blocked, id=2956, stack(0x00000000289d0000,0x0000000028ad0000)]
  0x0000000025b8e800 JavaThread "Cache worker for file content cache (C:\Users\User\.gradle\caches\7.4\fileContent)" [_thread_blocked, id=5412, stack(0x0000000028ad0000,0x0000000028bd0000)]
  0x0000000025b97000 JavaThread "jar transforms Thread 2" [_thread_blocked, id=10904, stack(0x0000000029220000,0x0000000029320000)]
  0x0000000025b95800 JavaThread "Cache worker for dependencies-accessors (C:\Users\User\Desktop\QRLockApp\.gradle\7.4\dependencies-accessors)" [_thread_blocked, id=1172, stack(0x0000000028dd0000,0x0000000028ed0000)]
  0x0000000025b93000 JavaThread "jar transforms Thread 3" [_thread_blocked, id=1972, stack(0x00000000290d0000,0x00000000291d0000)]
  0x0000000025b95000 JavaThread "Cache worker for Build Output Cleanup Cache (C:\Users\User\Desktop\QRLockApp\.gradle\buildOutputCleanup)" [_thread_blocked, id=6156, stack(0x0000000029520000,0x0000000029620000)]
  0x0000000025b96800 JavaThread "Unconstrained build operations" [_thread_blocked, id=7380, stack(0x000000002aac0000,0x000000002abc0000)]
  0x0000000025b91800 JavaThread "Unconstrained build operations Thread 2" [_thread_blocked, id=9044, stack(0x000000002abc0000,0x000000002acc0000)]
  0x0000000025b98000 JavaThread "Unconstrained build operations Thread 3" [_thread_blocked, id=8404, stack(0x000000002acc0000,0x000000002adc0000)]
  0x0000000025b9c000 JavaThread "Unconstrained build operations Thread 4" [_thread_blocked, id=5624, stack(0x000000002adc0000,0x000000002aec0000)]
  0x0000000025b99000 JavaThread "Unconstrained build operations Thread 5" [_thread_blocked, id=5128, stack(0x000000002aec0000,0x000000002afc0000)]
  0x0000000025b9a800 JavaThread "Unconstrained build operations Thread 6" [_thread_blocked, id=8968, stack(0x000000002afc0000,0x000000002b0c0000)]
  0x0000000025b99800 JavaThread "Unconstrained build operations Thread 7" [_thread_blocked, id=4084, stack(0x000000002b0c0000,0x000000002b1c0000)]
  0x0000000025b9b800 JavaThread "Unconstrained build operations Thread 8" [_thread_blocked, id=1852, stack(0x000000002b1c0000,0x000000002b2c0000)]
  0x000000002580d000 JavaThread "Unconstrained build operations Thread 9" [_thread_blocked, id=5484, stack(0x000000002b2c0000,0x000000002b3c0000)]
  0x0000000025807800 JavaThread "Unconstrained build operations Thread 10" [_thread_blocked, id=5380, stack(0x000000002b3c0000,0x000000002b4c0000)]
  0x000000002580b800 JavaThread "Unconstrained build operations Thread 11" [_thread_blocked, id=8228, stack(0x000000002b4c0000,0x000000002b5c0000)]
  0x0000000025809000 JavaThread "Unconstrained build operations Thread 12" [_thread_blocked, id=10844, stack(0x000000002b5c0000,0x000000002b6c0000)]
  0x000000002580c800 JavaThread "Unconstrained build operations Thread 13" [_thread_blocked, id=3188, stack(0x000000002b6c0000,0x000000002b7c0000)]
  0x000000002580e000 JavaThread "Unconstrained build operations Thread 14" [_thread_blocked, id=7456, stack(0x000000002b7c0000,0x000000002b8c0000)]
  0x000000002580b000 JavaThread "Unconstrained build operations Thread 15" [_thread_blocked, id=992, stack(0x000000002b8c0000,0x000000002b9c0000)]
  0x000000002580a000 JavaThread "Unconstrained build operations Thread 16" [_thread_blocked, id=10760, stack(0x000000002b9c0000,0x000000002bac0000)]
  0x0000000025808800 JavaThread "Unconstrained build operations Thread 17" [_thread_blocked, id=10740, stack(0x000000002bac0000,0x000000002bbc0000)]
  0x0000000025811800 JavaThread "Unconstrained build operations Thread 18" [_thread_blocked, id=9548, stack(0x000000002bbc0000,0x000000002bcc0000)]
  0x000000002580f000 JavaThread "Unconstrained build operations Thread 19" [_thread_blocked, id=5076, stack(0x000000002bcc0000,0x000000002bdc0000)]
  0x0000000025810800 JavaThread "Unconstrained build operations Thread 20" [_thread_blocked, id=7440, stack(0x000000002bdc0000,0x000000002bec0000)]
  0x0000000025813800 JavaThread "Unconstrained build operations Thread 21" [_thread_blocked, id=10916, stack(0x000000002bec0000,0x000000002bfc0000)]
  0x0000000025812000 JavaThread "Unconstrained build operations Thread 22" [_thread_blocked, id=7276, stack(0x000000002bfc0000,0x000000002c0c0000)]
  0x000000002580f800 JavaThread "Unconstrained build operations Thread 23" [_thread_blocked, id=5984, stack(0x000000002c0c0000,0x000000002c1c0000)]
  0x0000000025813000 JavaThread "Unconstrained build operations Thread 24" [_thread_blocked, id=10988, stack(0x000000002c1c0000,0x000000002c2c0000)]
  0x0000000025815800 JavaThread "Unconstrained build operations Thread 25" [_thread_blocked, id=5068, stack(0x000000002c2c0000,0x000000002c3c0000)]
  0x0000000025814800 JavaThread "Unconstrained build operations Thread 26" [_thread_blocked, id=1772, stack(0x000000002c3c0000,0x000000002c4c0000)]
  0x0000000025816000 JavaThread "Unconstrained build operations Thread 27" [_thread_blocked, id=10476, stack(0x000000002c4c0000,0x000000002c5c0000)]
  0x0000000022f04800 JavaThread "Unconstrained build operations Thread 28" [_thread_blocked, id=6060, stack(0x000000002c5c0000,0x000000002c6c0000)]
  0x0000000022f01800 JavaThread "Unconstrained build operations Thread 29" [_thread_blocked, id=10652, stack(0x000000002c6c0000,0x000000002c7c0000)]
  0x0000000022f05800 JavaThread "Unconstrained build operations Thread 30" [_thread_blocked, id=11096, stack(0x000000002c7c0000,0x000000002c8c0000)]
  0x0000000022f07000 JavaThread "Unconstrained build operations Thread 31" [_thread_blocked, id=6524, stack(0x000000002c8c0000,0x000000002c9c0000)]
  0x0000000022f02800 JavaThread "Unconstrained build operations Thread 32" [_thread_blocked, id=5016, stack(0x000000002c9c0000,0x000000002cac0000)]
  0x0000000022f06800 JavaThread "Unconstrained build operations Thread 33" [_thread_blocked, id=6308, stack(0x000000002cac0000,0x000000002cbc0000)]
  0x0000000022f08000 JavaThread "Unconstrained build operations Thread 34" [_thread_blocked, id=2992, stack(0x000000002cbc0000,0x000000002ccc0000)]
  0x0000000022f03000 JavaThread "Unconstrained build operations Thread 35" [_thread_blocked, id=7760, stack(0x000000002ccc0000,0x000000002cdc0000)]
  0x0000000022f04000 JavaThread "Unconstrained build operations Thread 36" [_thread_blocked, id=3360, stack(0x000000002cdc0000,0x000000002cec0000)]
  0x0000000027db3000 JavaThread "Unconstrained build operations Thread 37" [_thread_blocked, id=10236, stack(0x000000002cec0000,0x000000002cfc0000)]
  0x0000000027db4800 JavaThread "Unconstrained build operations Thread 38" [_thread_blocked, id=10676, stack(0x000000002cfc0000,0x000000002d0c0000)]
  0x0000000027db3800 JavaThread "Unconstrained build operations Thread 39" [_thread_blocked, id=1460, stack(0x000000002d0c0000,0x000000002d1c0000)]
  0x0000000027daf800 JavaThread "Unconstrained build operations Thread 40" [_thread_blocked, id=4704, stack(0x000000002d1c0000,0x000000002d2c0000)]
  0x0000000027dae800 JavaThread "Unconstrained build operations Thread 41" [_thread_blocked, id=10288, stack(0x000000002d2c0000,0x000000002d3c0000)]
  0x0000000027db1000 JavaThread "Unconstrained build operations Thread 42" [_thread_blocked, id=10752, stack(0x000000002d3c0000,0x000000002d4c0000)]
  0x0000000027db5000 JavaThread "Unconstrained build operations Thread 43" [_thread_blocked, id=2744, stack(0x000000002d4c0000,0x000000002d5c0000)]
  0x0000000027db2000 JavaThread "Unconstrained build operations Thread 44" [_thread_blocked, id=4456, stack(0x000000002d5c0000,0x000000002d6c0000)]
  0x0000000027db6000 JavaThread "Unconstrained build operations Thread 45" [_thread_blocked, id=6364, stack(0x000000002d6c0000,0x000000002d7c0000)]
  0x0000000027db0800 JavaThread "Unconstrained build operations Thread 46" [_thread_blocked, id=7124, stack(0x000000002d7c0000,0x000000002d8c0000)]
  0x0000000027dbc800 JavaThread "Unconstrained build operations Thread 47" [_thread_blocked, id=3256, stack(0x000000002d8c0000,0x000000002d9c0000)]
  0x0000000027dba000 JavaThread "Unconstrained build operations Thread 48" [_thread_blocked, id=4712, stack(0x000000002d9c0000,0x000000002dac0000)]
  0x0000000027db7000 JavaThread "Unconstrained build operations Thread 49" [_thread_blocked, id=10932, stack(0x000000002dac0000,0x000000002dbc0000)]
  0x0000000027dbd800 JavaThread "Unconstrained build operations Thread 50" [_thread_blocked, id=9812, stack(0x000000002dbc0000,0x000000002dcc0000)]
  0x0000000027db7800 JavaThread "Unconstrained build operations Thread 51" [_thread_blocked, id=9600, stack(0x000000002dcc0000,0x000000002ddc0000)]
  0x0000000027dbb800 JavaThread "Unconstrained build operations Thread 52" [_thread_blocked, id=10484, stack(0x000000002ddc0000,0x000000002dec0000)]
  0x0000000027db9800 JavaThread "Unconstrained build operations Thread 53" [_thread_blocked, id=6088, stack(0x000000002dec0000,0x000000002dfc0000)]
  0x0000000027dbb000 JavaThread "Unconstrained build operations Thread 54" [_thread_blocked, id=6512, stack(0x000000002dfc0000,0x000000002e0c0000)]
  0x0000000027db8800 JavaThread "Unconstrained build operations Thread 55" [_thread_blocked, id=1504, stack(0x000000002e0c0000,0x000000002e1c0000)]
  0x0000000029bd7000 JavaThread "Unconstrained build operations Thread 56" [_thread_blocked, id=6076, stack(0x000000002e1c0000,0x000000002e2c0000)]
  0x0000000029bd8000 JavaThread "Unconstrained build operations Thread 57" [_thread_blocked, id=5340, stack(0x000000002e2c0000,0x000000002e3c0000)]
  0x0000000029bd2800 JavaThread "Unconstrained build operations Thread 58" [_thread_blocked, id=7552, stack(0x000000002e3c0000,0x000000002e4c0000)]
  0x0000000029bd3000 JavaThread "Unconstrained build operations Thread 59" [_thread_blocked, id=7040, stack(0x000000002e4c0000,0x000000002e5c0000)]
  0x0000000029bd6800 JavaThread "Unconstrained build operations Thread 60" [_thread_blocked, id=6768, stack(0x000000002e5c0000,0x000000002e6c0000)]
  0x0000000029bd9000 JavaThread "Unconstrained build operations Thread 61" [_thread_blocked, id=9744, stack(0x000000002e6c0000,0x000000002e7c0000)]
  0x0000000029bd4800 JavaThread "Unconstrained build operations Thread 62" [_thread_blocked, id=8268, stack(0x000000002e7c0000,0x000000002e8c0000)]
  0x0000000029bd4000 JavaThread "Unconstrained build operations Thread 63" [_thread_blocked, id=4372, stack(0x000000002e8c0000,0x000000002e9c0000)]
  0x0000000029bd9800 JavaThread "Unconstrained build operations Thread 64" [_thread_blocked, id=4780, stack(0x000000002e9c0000,0x000000002eac0000)]
  0x0000000029bda800 JavaThread "Unconstrained build operations Thread 65" [_thread_blocked, id=11044, stack(0x000000002eac0000,0x000000002ebc0000)]
  0x0000000029bdb800 JavaThread "Unconstrained build operations Thread 66" [_thread_blocked, id=10952, stack(0x000000002ebc0000,0x000000002ecc0000)]
  0x0000000029bd5800 JavaThread "Unconstrained build operations Thread 67" [_thread_blocked, id=11008, stack(0x000000002ecc0000,0x000000002edc0000)]
  0x0000000029bdc000 JavaThread "Unconstrained build operations Thread 68" [_thread_blocked, id=2932, stack(0x000000002edc0000,0x000000002eec0000)]
  0x0000000029bdf800 JavaThread "Unconstrained build operations Thread 69" [_thread_blocked, id=1044, stack(0x000000002eec0000,0x000000002efc0000)]
  0x0000000029be1000 JavaThread "Unconstrained build operations Thread 70" [_thread_blocked, id=5372, stack(0x000000002efc0000,0x000000002f0c0000)]
  0x0000000029bdd800 JavaThread "Unconstrained build operations Thread 71" [_thread_blocked, id=4504, stack(0x000000002f0c0000,0x000000002f1c0000)]
  0x0000000029bdd000 JavaThread "Unconstrained build operations Thread 72" [_thread_blocked, id=4544, stack(0x000000002f1c0000,0x000000002f2c0000)]
  0x0000000029bde800 JavaThread "Unconstrained build operations Thread 73" [_thread_blocked, id=100, stack(0x000000002f2c0000,0x000000002f3c0000)]
  0x0000000029be0000 JavaThread "Unconstrained build operations Thread 74" [_thread_blocked, id=1760, stack(0x000000002f3c0000,0x000000002f4c0000)]
  0x0000000025b51000 JavaThread "Unconstrained build operations Thread 75" [_thread_blocked, id=3236, stack(0x000000002f4c0000,0x000000002f5c0000)]
  0x0000000025b52800 JavaThread "Unconstrained build operations Thread 76" [_thread_blocked, id=6592, stack(0x000000002f5c0000,0x000000002f6c0000)]
  0x0000000025b53800 JavaThread "Unconstrained build operations Thread 77" [_thread_blocked, id=680, stack(0x000000002f6c0000,0x000000002f7c0000)]
  0x0000000025b4f800 JavaThread "Unconstrained build operations Thread 78" [_thread_blocked, id=7028, stack(0x000000002f7c0000,0x000000002f8c0000)]
  0x0000000025b54800 JavaThread "Unconstrained build operations Thread 79" [_thread_blocked, id=10380, stack(0x000000002f8c0000,0x000000002f9c0000)]
  0x0000000025b52000 JavaThread "Unconstrained build operations Thread 80" [_thread_blocked, id=9524, stack(0x000000002f9c0000,0x000000002fac0000)]
  0x0000000025b55000 JavaThread "Unconstrained build operations Thread 81" [_thread_blocked, id=2412, stack(0x000000002fac0000,0x000000002fbc0000)]
  0x0000000025b56000 JavaThread "Unconstrained build operations Thread 82" [_thread_blocked, id=7608, stack(0x000000002fbc0000,0x000000002fcc0000)]
  0x0000000025b50000 JavaThread "Unconstrained build operations Thread 83" [_thread_blocked, id=4112, stack(0x000000002fcc0000,0x000000002fdc0000)]
  0x0000000025b57800 JavaThread "Unconstrained build operations Thread 84" [_thread_blocked, id=3992, stack(0x000000002fdc0000,0x000000002fec0000)]
  0x0000000025b59000 JavaThread "Unconstrained build operations Thread 85" [_thread_blocked, id=7588, stack(0x000000002fec0000,0x000000002ffc0000)]
  0x0000000025b58800 JavaThread "Unconstrained build operations Thread 86" [_thread_blocked, id=6024, stack(0x000000002ffc0000,0x00000000300c0000)]
  0x0000000025b5a000 JavaThread "Unconstrained build operations Thread 87" [_thread_blocked, id=2768, stack(0x00000000300c0000,0x00000000301c0000)]
  0x0000000025b5b000 JavaThread "Unconstrained build operations Thread 88" [_thread_blocked, id=5048, stack(0x00000000301c0000,0x00000000302c0000)]
  0x0000000025b5b800 JavaThread "Unconstrained build operations Thread 89" [_thread_blocked, id=2560, stack(0x00000000302c0000,0x00000000303c0000)]
  0x0000000025b5c800 JavaThread "Unconstrained build operations Thread 90" [_thread_blocked, id=10088, stack(0x00000000303c0000,0x00000000304c0000)]
  0x0000000025b57000 JavaThread "Unconstrained build operations Thread 91" [_thread_blocked, id=11196, stack(0x00000000304c0000,0x00000000305c0000)]
  0x0000000025b5d800 JavaThread "Unconstrained build operations Thread 92" [_thread_blocked, id=3264, stack(0x00000000305c0000,0x00000000306c0000)]
  0x0000000025b5e000 JavaThread "Unconstrained build operations Thread 93" [_thread_blocked, id=6092, stack(0x00000000306c0000,0x00000000307c0000)]
  0x0000000025a3f000 JavaThread "Unconstrained build operations Thread 94" [_thread_blocked, id=8104, stack(0x00000000307c0000,0x00000000308c0000)]
  0x0000000025a3d800 JavaThread "Unconstrained build operations Thread 95" [_thread_blocked, id=1960, stack(0x00000000308c0000,0x00000000309c0000)]
  0x0000000025a41000 JavaThread "Unconstrained build operations Thread 96" [_thread_blocked, id=9084, stack(0x00000000309c0000,0x0000000030ac0000)]
  0x0000000025a3e800 JavaThread "Unconstrained build operations Thread 97" [_thread_blocked, id=11072, stack(0x0000000030ac0000,0x0000000030bc0000)]
  0x0000000025a3c800 JavaThread "Unconstrained build operations Thread 98" [_thread_blocked, id=1248, stack(0x0000000030bc0000,0x0000000030cc0000)]
  0x0000000025a45000 JavaThread "Unconstrained build operations Thread 99" [_thread_blocked, id=11212, stack(0x0000000030cc0000,0x0000000030dc0000)]
  0x0000000025a40000 JavaThread "Unconstrained build operations Thread 100" [_thread_blocked, id=10832, stack(0x0000000030dc0000,0x0000000030ec0000)]
  0x0000000025a42800 JavaThread "Unconstrained build operations Thread 101" [_thread_blocked, id=8084, stack(0x0000000030ec0000,0x0000000030fc0000)]
  0x0000000025a43000 JavaThread "Unconstrained build operations Thread 102" [_thread_blocked, id=2796, stack(0x0000000030fc0000,0x00000000310c0000)]
  0x0000000025a45800 JavaThread "Unconstrained build operations Thread 103" [_thread_blocked, id=9748, stack(0x00000000310c0000,0x00000000311c0000)]
  0x0000000025a44000 JavaThread "Unconstrained build operations Thread 104" [_thread_blocked, id=7740, stack(0x00000000311c0000,0x00000000312c0000)]
  0x0000000025a46800 JavaThread "Unconstrained build operations Thread 105" [_thread_blocked, id=1276, stack(0x00000000312c0000,0x00000000313c0000)]
  0x0000000025a47800 JavaThread "Unconstrained build operations Thread 106" [_thread_blocked, id=10976, stack(0x00000000313c0000,0x00000000314c0000)]
  0x0000000025a41800 JavaThread "Unconstrained build operations Thread 107" [_thread_blocked, id=3244, stack(0x00000000314c0000,0x00000000315c0000)]
  0x0000000025a48000 JavaThread "Unconstrained build operations Thread 108" [_thread_blocked, id=10852, stack(0x00000000315c0000,0x00000000316c0000)]
  0x0000000025a49000 JavaThread "Unconstrained build operations Thread 109" [_thread_blocked, id=4192, stack(0x00000000316c0000,0x00000000317c0000)]
  0x0000000025a4b800 JavaThread "Unconstrained build operations Thread 110" [_thread_blocked, id=2456, stack(0x00000000317c0000,0x00000000318c0000)]
  0x0000000025a49800 JavaThread "Unconstrained build operations Thread 111" [_thread_blocked, id=7624, stack(0x00000000318c0000,0x00000000319c0000)]
  0x0000000025a4a800 JavaThread "Unconstrained build operations Thread 112" [_thread_blocked, id=9056, stack(0x00000000319c0000,0x0000000031ac0000)]
  0x0000000027e2e800 JavaThread "Unconstrained build operations Thread 113" [_thread_blocked, id=1916, stack(0x0000000031ac0000,0x0000000031bc0000)]
  0x0000000027e2b000 JavaThread "Unconstrained build operations Thread 114" [_thread_blocked, id=5116, stack(0x0000000031bc0000,0x0000000031cc0000)]
  0x0000000027e2c000 JavaThread "Unconstrained build operations Thread 115" [_thread_blocked, id=3228, stack(0x0000000031cc0000,0x0000000031dc0000)]
  0x0000000027e2c800 JavaThread "Unconstrained build operations Thread 116" [_thread_blocked, id=10452, stack(0x0000000031dc0000,0x0000000031ec0000)]
  0x0000000027e2d800 JavaThread "Unconstrained build operations Thread 117" [_thread_blocked, id=6672, stack(0x0000000031ec0000,0x0000000031fc0000)]
  0x0000000027e2f000 JavaThread "Unconstrained build operations Thread 118" [_thread_blocked, id=10732, stack(0x0000000031fc0000,0x00000000320c0000)]
  0x0000000027e29800 JavaThread "Unconstrained build operations Thread 119" [_thread_blocked, id=10764, stack(0x00000000320c0000,0x00000000321c0000)]
  0x0000000027e30000 JavaThread "Unconstrained build operations Thread 120" [_thread_blocked, id=4492, stack(0x00000000321c0000,0x00000000322c0000)]
  0x0000000027e2a000 JavaThread "jar transforms Thread 4" [_thread_blocked, id=3976, stack(0x000000002a9b0000,0x000000002aab0000)]
  0x0000000027e31000 JavaThread "jar transforms Thread 5" [_thread_blocked, id=1312, stack(0x00000000328f0000,0x00000000329f0000)]
  0x0000000027e34000 JavaThread "jar transforms Thread 6" [_thread_blocked, id=8908, stack(0x00000000329f0000,0x0000000032af0000)]
  0x0000000027e33000 JavaThread "jar transforms Thread 7" [_thread_blocked, id=7596, stack(0x0000000032af0000,0x0000000032bf0000)]
  0x0000000027e32800 JavaThread "jar transforms Thread 8" [_thread_blocked, id=7292, stack(0x0000000032bf0000,0x0000000032cf0000)]
  0x0000000027e35000 JavaThread "jar transforms Thread 9" [_thread_blocked, id=2352, stack(0x0000000032cf0000,0x0000000032df0000)]
  0x0000000027e37800 JavaThread "jar transforms Thread 10" [_thread_blocked, id=4452, stack(0x0000000032df0000,0x0000000032ef0000)]
  0x0000000027e31800 JavaThread "jar transforms Thread 11" [_thread_blocked, id=5788, stack(0x0000000032ef0000,0x0000000032ff0000)]
  0x0000000027e35800 JavaThread "jar transforms Thread 12" [_thread_blocked, id=4024, stack(0x0000000032ff0000,0x00000000330f0000)]
  0x0000000027e36800 JavaThread "Memory manager" [_thread_blocked, id=10192, stack(0x00000000322c0000,0x00000000323c0000)]

Other Threads:
  0x000000001d786800 VMThread "VM Thread" [stack: 0x000000001e1c0000,0x000000001e2c0000] [id=6324]
  0x000000001e69e800 WatcherThread [stack: 0x000000001efc0000,0x000000001f0c0000] [id=2028]
  0x0000000002ba6000 GCTaskThread "GC Thread#0" [stack: 0x0000000002550000,0x0000000002650000] [id=9568]
  0x000000001fe2b800 GCTaskThread "GC Thread#1" [stack: 0x0000000020b90000,0x0000000020c90000] [id=1344]
  0x000000001f740800 GCTaskThread "GC Thread#2" [stack: 0x0000000020c90000,0x0000000020d90000] [id=11192]
  0x0000000021c18800 GCTaskThread "GC Thread#3" [stack: 0x0000000024290000,0x0000000024390000] [id=5952]
  0x00000000203a2800 GCTaskThread "GC Thread#4" [stack: 0x0000000024390000,0x0000000024490000] [id=4316]
  0x00000000218fb800 GCTaskThread "GC Thread#5" [stack: 0x0000000024490000,0x0000000024590000] [id=6648]
  0x0000000021ee5800 GCTaskThread "GC Thread#6" [stack: 0x0000000024590000,0x0000000024690000] [id=4836]
  0x0000000021493000 GCTaskThread "GC Thread#7" [stack: 0x0000000024690000,0x0000000024790000] [id=9228]
  0x00000000219db000 GCTaskThread "GC Thread#8" [stack: 0x0000000024790000,0x0000000024890000] [id=6488]
  0x0000000021f33800 GCTaskThread "GC Thread#9" [stack: 0x0000000024890000,0x0000000024990000] [id=9628]
  0x0000000002bd9000 ConcurrentGCThread "G1 Main Marker" [stack: 0x000000001a910000,0x000000001aa10000] [id=10756]
  0x0000000002bdb800 ConcurrentGCThread "G1 Conc#0" [stack: 0x000000001aa10000,0x000000001ab10000] [id=7600]
  0x000000001ff10800 ConcurrentGCThread "G1 Conc#1" [stack: 0x0000000025090000,0x0000000025190000] [id=5972]
  0x000000001fda8000 ConcurrentGCThread "G1 Conc#2" [stack: 0x0000000025190000,0x0000000025290000] [id=7108]
  0x000000001d5da800 ConcurrentGCThread "G1 Refine#0" [stack: 0x000000001d7c0000,0x000000001d8c0000] [id=6668]
  0x0000000002c6e800 ConcurrentGCThread "G1 Young RemSet Sampling" [stack: 0x000000001d8c0000,0x000000001d9c0000] [id=7112]

Threads with active compile tasks:
C2 CompilerThread0   5695 6913 %     4       org.gradle.internal.instantiation.generator.AbstractClassGenerator::inspectType @ 107 (560 bytes)
C2 CompilerThread1   5695 6955       4       java.beans.Introspector::addMethod (196 bytes)
C2 CompilerThread2   5695 6956 %     4       groovy.lang.MetaClassImpl::inheritInterfaceNewMetaMethods @ 100 (195 bytes)

VM state:not at safepoint (normal execution)

VM Mutex/Monitor currently owned by a thread: None

Heap address: 0x0000000080000000, size: 2048 MB, Compressed Oops mode: 32-bit
Narrow klass base: 0x0000000000000000, Narrow klass shift: 3
Compressed class space size: 1073741824 Address: 0x0000000100000000

Heap:
 garbage-first heap   total 189440K, used 131392K [0x0000000080000000, 0x0000000100000000)
  region size 1024K, 86 young (88064K), 12 survivors (12288K)
 Metaspace       used 72745K, capacity 74553K, committed 74876K, reserved 1114112K
  class space    used 9434K, capacity 10103K, committed 10188K, reserved 1048576K
Heap Regions: E=young(eden), S=young(survivor), O=old, HS=humongous(starts), HC=humongous(continues), CS=collection set, F=free, A=archive, TAMS=top-at-mark-start (previous, next)
|   0|0x0000000080000000, 0x0000000080100000, 0x0000000080100000|100%| O|  |TAMS 0x0000000080100000, 0x0000000080000000| Untracked 
|   1|0x0000000080100000, 0x0000000080200000, 0x0000000080200000|100%| O|  |TAMS 0x0000000080200000, 0x0000000080100000| Untracked 
|   2|0x0000000080200000, 0x0000000080300000, 0x0000000080300000|100%| O|  |TAMS 0x0000000080300000, 0x0000000080200000| Untracked 
|   3|0x0000000080300000, 0x0000000080400000, 0x0000000080400000|100%|HS|  |TAMS 0x0000000080400000, 0x0000000080300000| Complete 
|   4|0x0000000080400000, 0x0000000080500000, 0x0000000080500000|100%|HC|  |TAMS 0x0000000080500000, 0x0000000080400000| Complete 
|   5|0x0000000080500000, 0x0000000080600000, 0x0000000080600000|100%|HC|  |TAMS 0x0000000080600000, 0x0000000080500000| Complete 
|   6|0x0000000080600000, 0x0000000080700000, 0x0000000080700000|100%| O|  |TAMS 0x0000000080700000, 0x0000000080600000| Untracked 
|   7|0x0000000080700000, 0x0000000080800000, 0x0000000080800000|100%| O|  |TAMS 0x0000000080800000, 0x0000000080700000| Untracked 
|   8|0x0000000080800000, 0x0000000080900000, 0x0000000080900000|100%| O|  |TAMS 0x0000000080900000, 0x0000000080800000| Untracked 
|   9|0x0000000080900000, 0x0000000080a00000, 0x0000000080a00000|100%| O|  |TAMS 0x0000000080a00000, 0x0000000080900000| Untracked 
|  10|0x0000000080a00000, 0x0000000080b00000, 0x0000000080b00000|100%| O|  |TAMS 0x0000000080b00000, 0x0000000080a00000| Untracked 
|  11|0x0000000080b00000, 0x0000000080c00000, 0x0000000080c00000|100%| O|  |TAMS 0x0000000080c00000, 0x0000000080b00000| Untracked 
|  12|0x0000000080c00000, 0x0000000080d00000, 0x0000000080d00000|100%| O|  |TAMS 0x0000000080d00000, 0x0000000080c00000| Untracked 
|  13|0x0000000080d00000, 0x0000000080e00000, 0x0000000080e00000|100%| O|  |TAMS 0x0000000080e00000, 0x0000000080d00000| Untracked 
|  14|0x0000000080e00000, 0x0000000080f00000, 0x0000000080f00000|100%| O|  |TAMS 0x0000000080f00000, 0x0000000080e00000| Untracked 
|  15|0x0000000080f00000, 0x0000000081000000, 0x0000000081000000|100%| O|  |TAMS 0x0000000081000000, 0x0000000080f00000| Untracked 
|  16|0x0000000081000000, 0x0000000081100000, 0x0000000081100000|100%|HS|  |TAMS 0x0000000081100000, 0x0000000081000000| Complete 
|  17|0x0000000081100000, 0x0000000081200000, 0x0000000081200000|100%| O|  |TAMS 0x0000000081200000, 0x0000000081100000| Untracked 
|  18|0x0000000081200000, 0x0000000081300000, 0x0000000081300000|100%| O|  |TAMS 0x0000000081300000, 0x0000000081200000| Untracked 
|  19|0x0000000081300000, 0x0000000081400000, 0x0000000081400000|100%| O|  |TAMS 0x0000000081400000, 0x0000000081300000| Untracked 
|  20|0x0000000081400000, 0x0000000081500000, 0x0000000081500000|100%| O|  |TAMS 0x0000000081500000, 0x0000000081400000| Untracked 
|  21|0x0000000081500000, 0x0000000081600000, 0x0000000081600000|100%| O|  |TAMS 0x0000000081600000, 0x0000000081500000| Untracked 
|  22|0x0000000081600000, 0x0000000081700000, 0x0000000081700000|100%| O|  |TAMS 0x0000000081700000, 0x0000000081600000| Untracked 
|  23|0x0000000081700000, 0x0000000081800000, 0x0000000081800000|100%|HS|  |TAMS 0x0000000081800000, 0x0000000081700000| Complete 
|  24|0x0000000081800000, 0x0000000081900000, 0x0000000081900000|100%| O|  |TAMS 0x0000000081900000, 0x0000000081800000| Untracked 
|  25|0x0000000081900000, 0x0000000081a00000, 0x0000000081a00000|100%|HS|  |TAMS 0x0000000081a00000, 0x0000000081900000| Complete 
|  26|0x0000000081a00000, 0x0000000081b00000, 0x0000000081b00000|100%|HC|  |TAMS 0x0000000081b00000, 0x0000000081a00000| Complete 
|  27|0x0000000081b00000, 0x0000000081c00000, 0x0000000081c00000|100%| O|  |TAMS 0x0000000081c00000, 0x0000000081b00000| Untracked 
|  28|0x0000000081c00000, 0x0000000081d00000, 0x0000000081d00000|100%| O|  |TAMS 0x0000000081d00000, 0x0000000081c00000| Untracked 
|  29|0x0000000081d00000, 0x0000000081e00000, 0x0000000081e00000|100%| O|  |TAMS 0x0000000081e00000, 0x0000000081d00000| Untracked 
|  30|0x0000000081e00000, 0x0000000081f00000, 0x0000000081f00000|100%| O|  |TAMS 0x0000000081f00000, 0x0000000081e00000| Untracked 
|  31|0x0000000081f00000, 0x0000000082000000, 0x0000000082000000|100%| O|  |TAMS 0x0000000082000000, 0x0000000081f00000| Untracked 
|  32|0x0000000082000000, 0x0000000082100000, 0x0000000082100000|100%| O|  |TAMS 0x0000000082100000, 0x0000000082000000| Untracked 
|  33|0x0000000082100000, 0x0000000082200000, 0x0000000082200000|100%| O|  |TAMS 0x0000000082200000, 0x0000000082100000| Untracked 
|  34|0x0000000082200000, 0x0000000082300000, 0x0000000082300000|100%| O|  |TAMS 0x0000000082300000, 0x0000000082200000| Untracked 
|  35|0x0000000082300000, 0x0000000082400000, 0x0000000082400000|100%| O|  |TAMS 0x0000000082400000, 0x0000000082300000| Untracked 
|  36|0x0000000082400000, 0x0000000082500000, 0x0000000082500000|100%| O|  |TAMS 0x0000000082500000, 0x0000000082400000| Untracked 
|  37|0x0000000082500000, 0x0000000082600000, 0x0000000082600000|100%| O|  |TAMS 0x0000000082600000, 0x0000000082500000| Untracked 
|  38|0x0000000082600000, 0x0000000082700000, 0x0000000082700000|100%| O|  |TAMS 0x0000000082700000, 0x0000000082600000| Untracked 
|  39|0x0000000082700000, 0x0000000082800000, 0x0000000082800000|100%| O|  |TAMS 0x0000000082800000, 0x0000000082700000| Untracked 
|  40|0x0000000082800000, 0x0000000082900000, 0x0000000082900000|100%| O|  |TAMS 0x0000000082900000, 0x0000000082800000| Untracked 
|  41|0x0000000082900000, 0x0000000082a00000, 0x0000000082a00000|100%| O|  |TAMS 0x0000000082928400, 0x0000000082900000| Untracked 
|  42|0x0000000082a00000, 0x0000000082b00000, 0x0000000082b00000|100%| O|  |TAMS 0x0000000082a00000, 0x0000000082a00000| Untracked 
|  43|0x0000000082b00000, 0x0000000082b5ec00, 0x0000000082c00000| 37%| O|  |TAMS 0x0000000082b00000, 0x0000000082b00000| Untracked 
|  44|0x0000000082c00000, 0x0000000082c00000, 0x0000000082d00000|  0%| F|  |TAMS 0x0000000082c00000, 0x0000000082c00000| Untracked 
|  45|0x0000000082d00000, 0x0000000082d00000, 0x0000000082e00000|  0%| F|  |TAMS 0x0000000082d00000, 0x0000000082d00000| Untracked 
|  46|0x0000000082e00000, 0x0000000082e00000, 0x0000000082f00000|  0%| F|  |TAMS 0x0000000082e00000, 0x0000000082e00000| Untracked 
|  47|0x0000000082f00000, 0x0000000082f00000, 0x0000000083000000|  0%| F|  |TAMS 0x0000000082f00000, 0x0000000082f00000| Untracked 
|  48|0x0000000083000000, 0x0000000083000000, 0x0000000083100000|  0%| F|  |TAMS 0x0000000083000000, 0x0000000083000000| Untracked 
|  49|0x0000000083100000, 0x0000000083100000, 0x0000000083200000|  0%| F|  |TAMS 0x0000000083100000, 0x0000000083100000| Untracked 
|  50|0x0000000083200000, 0x0000000083200000, 0x0000000083300000|  0%| F|  |TAMS 0x0000000083200000, 0x0000000083200000| Untracked 
|  51|0x0000000083300000, 0x0000000083300000, 0x0000000083400000|  0%| F|  |TAMS 0x0000000083300000, 0x0000000083300000| Untracked 
|  52|0x0000000083400000, 0x0000000083400000, 0x0000000083500000|  0%| F|  |TAMS 0x0000000083400000, 0x0000000083400000| Untracked 
|  53|0x0000000083500000, 0x0000000083500000, 0x0000000083600000|  0%| F|  |TAMS 0x0000000083500000, 0x0000000083500000| Untracked 
|  54|0x0000000083600000, 0x0000000083600000, 0x0000000083700000|  0%| F|  |TAMS 0x0000000083600000, 0x0000000083600000| Untracked 
|  55|0x0000000083700000, 0x0000000083700000, 0x0000000083800000|  0%| F|  |TAMS 0x0000000083700000, 0x0000000083700000| Untracked 
|  56|0x0000000083800000, 0x0000000083800000, 0x0000000083900000|  0%| F|  |TAMS 0x0000000083800000, 0x0000000083800000| Untracked 
|  57|0x0000000083900000, 0x0000000083900000, 0x0000000083a00000|  0%| F|  |TAMS 0x0000000083900000, 0x0000000083900000| Untracked 
|  58|0x0000000083a00000, 0x0000000083a00000, 0x0000000083b00000|  0%| F|  |TAMS 0x0000000083a00000, 0x0000000083a00000| Untracked 
|  59|0x0000000083b00000, 0x0000000083b00000, 0x0000000083c00000|  0%| F|  |TAMS 0x0000000083b00000, 0x0000000083b00000| Untracked 
|  60|0x0000000083c00000, 0x0000000083c00000, 0x0000000083d00000|  0%| F|  |TAMS 0x0000000083c00000, 0x0000000083c00000| Untracked 
|  61|0x0000000083d00000, 0x0000000083d00000, 0x0000000083e00000|  0%| F|  |TAMS 0x0000000083d00000, 0x0000000083d00000| Untracked 
|  62|0x0000000083e00000, 0x0000000083e00000, 0x0000000083f00000|  0%| F|  |TAMS 0x0000000083e00000, 0x0000000083e00000| Untracked 
|  63|0x0000000083f00000, 0x0000000083f00000, 0x0000000084000000|  0%| F|  |TAMS 0x0000000083f00000, 0x0000000083f00000| Untracked 
|  64|0x0000000084000000, 0x0000000084000000, 0x0000000084100000|  0%| F|  |TAMS 0x0000000084000000, 0x0000000084000000| Untracked 
|  65|0x0000000084100000, 0x0000000084100000, 0x0000000084200000|  0%| F|  |TAMS 0x0000000084100000, 0x0000000084100000| Untracked 
|  66|0x0000000084200000, 0x0000000084200000, 0x0000000084300000|  0%| F|  |TAMS 0x0000000084200000, 0x0000000084200000| Untracked 
|  67|0x0000000084300000, 0x0000000084300000, 0x0000000084400000|  0%| F|  |TAMS 0x0000000084300000, 0x0000000084300000| Untracked 
|  68|0x0000000084400000, 0x0000000084400000, 0x0000000084500000|  0%| F|  |TAMS 0x0000000084400000, 0x0000000084400000| Untracked 
|  69|0x0000000084500000, 0x0000000084500000, 0x0000000084600000|  0%| F|  |TAMS 0x0000000084500000, 0x0000000084500000| Untracked 
|  70|0x0000000084600000, 0x0000000084600000, 0x0000000084700000|  0%| F|  |TAMS 0x0000000084600000, 0x0000000084600000| Untracked 
|  71|0x0000000084700000, 0x0000000084700000, 0x0000000084800000|  0%| F|  |TAMS 0x0000000084700000, 0x0000000084700000| Untracked 
|  72|0x0000000084800000, 0x0000000084800000, 0x0000000084900000|  0%| F|  |TAMS 0x0000000084800000, 0x0000000084800000| Untracked 
|  73|0x0000000084900000, 0x0000000084900000, 0x0000000084a00000|  0%| F|  |TAMS 0x0000000084900000, 0x0000000084900000| Untracked 
|  74|0x0000000084a00000, 0x0000000084a00000, 0x0000000084b00000|  0%| F|  |TAMS 0x0000000084a00000, 0x0000000084a00000| Untracked 
|  75|0x0000000084b00000, 0x0000000084b00000, 0x0000000084c00000|  0%| F|  |TAMS 0x0000000084b00000, 0x0000000084b00000| Untracked 
|  76|0x0000000084c00000, 0x0000000084c00000, 0x0000000084d00000|  0%| F|  |TAMS 0x0000000084c00000, 0x0000000084c00000| Untracked 
|  77|0x0000000084d00000, 0x0000000084d00000, 0x0000000084e00000|  0%| F|  |TAMS 0x0000000084d00000, 0x0000000084d00000| Untracked 
|  78|0x0000000084e00000, 0x0000000084e00000, 0x0000000084f00000|  0%| F|  |TAMS 0x0000000084e00000, 0x0000000084e00000| Untracked 
|  79|0x0000000084f00000, 0x0000000084f00000, 0x0000000085000000|  0%| F|  |TAMS 0x0000000084f00000, 0x0000000084f00000| Untracked 
|  80|0x0000000085000000, 0x0000000085000000, 0x0000000085100000|  0%| F|  |TAMS 0x0000000085000000, 0x0000000085000000| Untracked 
|  81|0x0000000085100000, 0x0000000085100000, 0x0000000085200000|  0%| F|  |TAMS 0x0000000085100000, 0x0000000085100000| Untracked 
|  82|0x0000000085200000, 0x0000000085200000, 0x0000000085300000|  0%| F|  |TAMS 0x0000000085200000, 0x0000000085200000| Untracked 
|  83|0x0000000085300000, 0x0000000085300000, 0x0000000085400000|  0%| F|  |TAMS 0x0000000085300000, 0x0000000085300000| Untracked 
|  84|0x0000000085400000, 0x0000000085400000, 0x0000000085500000|  0%| F|  |TAMS 0x0000000085400000, 0x0000000085400000| Untracked 
|  85|0x0000000085500000, 0x0000000085500000, 0x0000000085600000|  0%| F|  |TAMS 0x0000000085500000, 0x0000000085500000| Untracked 
|  86|0x0000000085600000, 0x0000000085600000, 0x0000000085700000|  0%| F|  |TAMS 0x0000000085600000, 0x0000000085600000| Untracked 
|  87|0x0000000085700000, 0x00000000857f1758, 0x0000000085800000| 94%| S|CS|TAMS 0x0000000085700000, 0x0000000085700000| Complete 
|  88|0x0000000085800000, 0x0000000085900000, 0x0000000085900000|100%| S|CS|TAMS 0x0000000085800000, 0x0000000085800000| Complete 
|  89|0x0000000085900000, 0x0000000085a00000, 0x0000000085a00000|100%| S|CS|TAMS 0x0000000085900000, 0x0000000085900000| Complete 
|  90|0x0000000085a00000, 0x0000000085b00000, 0x0000000085b00000|100%| S|CS|TAMS 0x0000000085a00000, 0x0000000085a00000| Complete 
|  91|0x0000000085b00000, 0x0000000085c00000, 0x0000000085c00000|100%| S|CS|TAMS 0x0000000085b00000, 0x0000000085b00000| Complete 
|  92|0x0000000085c00000, 0x0000000085d00000, 0x0000000085d00000|100%| S|CS|TAMS 0x0000000085c00000, 0x0000000085c00000| Complete 
|  93|0x0000000085d00000, 0x0000000085e00000, 0x0000000085e00000|100%| S|CS|TAMS 0x0000000085d00000, 0x0000000085d00000| Complete 
|  94|0x0000000085e00000, 0x0000000085f00000, 0x0000000085f00000|100%| S|CS|TAMS 0x0000000085e00000, 0x0000000085e00000| Complete 
|  95|0x0000000085f00000, 0x0000000086000000, 0x0000000086000000|100%| S|CS|TAMS 0x0000000085f00000, 0x0000000085f00000| Complete 
|  96|0x0000000086000000, 0x0000000086100000, 0x0000000086100000|100%| S|CS|TAMS 0x0000000086000000, 0x0000000086000000| Complete 
|  97|0x0000000086100000, 0x0000000086200000, 0x0000000086200000|100%| S|CS|TAMS 0x0000000086100000, 0x0000000086100000| Complete 
|  98|0x0000000086200000, 0x0000000086300000, 0x0000000086300000|100%| S|CS|TAMS 0x0000000086200000, 0x0000000086200000| Complete 
|  99|0x0000000086300000, 0x0000000086300000, 0x0000000086400000|  0%| F|  |TAMS 0x0000000086300000, 0x0000000086300000| Untracked 
| 100|0x0000000086400000, 0x0000000086400000, 0x0000000086500000|  0%| F|  |TAMS 0x0000000086400000, 0x0000000086400000| Untracked 
| 101|0x0000000086500000, 0x0000000086500000, 0x0000000086600000|  0%| F|  |TAMS 0x0000000086500000, 0x0000000086500000| Untracked 
| 102|0x0000000086600000, 0x0000000086600000, 0x0000000086700000|  0%| F|  |TAMS 0x0000000086600000, 0x0000000086600000| Untracked 
| 103|0x0000000086700000, 0x0000000086700000, 0x0000000086800000|  0%| F|  |TAMS 0x0000000086700000, 0x0000000086700000| Untracked 
| 104|0x0000000086800000, 0x0000000086800000, 0x0000000086900000|  0%| F|  |TAMS 0x0000000086800000, 0x0000000086800000| Untracked 
| 105|0x0000000086900000, 0x0000000086900000, 0x0000000086a00000|  0%| F|  |TAMS 0x0000000086900000, 0x0000000086900000| Untracked 
| 106|0x0000000086a00000, 0x0000000086a00000, 0x0000000086b00000|  0%| F|  |TAMS 0x0000000086a00000, 0x0000000086a00000| Untracked 
| 107|0x0000000086b00000, 0x0000000086b00000, 0x0000000086c00000|  0%| F|  |TAMS 0x0000000086b00000, 0x0000000086b00000| Untracked 
| 108|0x0000000086c00000, 0x0000000086c00000, 0x0000000086d00000|  0%| F|  |TAMS 0x0000000086c00000, 0x0000000086c00000| Untracked 
| 109|0x0000000086d00000, 0x0000000086d00000, 0x0000000086e00000|  0%| F|  |TAMS 0x0000000086d00000, 0x0000000086d00000| Untracked 
| 110|0x0000000086e00000, 0x0000000086e00000, 0x0000000086f00000|  0%| F|  |TAMS 0x0000000086e00000, 0x0000000086e00000| Untracked 
| 111|0x0000000086f00000, 0x0000000086f80800, 0x0000000087000000| 50%| E|  |TAMS 0x0000000086f00000, 0x0000000086f00000| Complete 
| 112|0x0000000087000000, 0x0000000087100000, 0x0000000087100000|100%| E|CS|TAMS 0x0000000087000000, 0x0000000087000000| Complete 
| 113|0x0000000087100000, 0x0000000087200000, 0x0000000087200000|100%| E|CS|TAMS 0x0000000087100000, 0x0000000087100000| Complete 
| 114|0x0000000087200000, 0x0000000087300000, 0x0000000087300000|100%| E|CS|TAMS 0x0000000087200000, 0x0000000087200000| Complete 
| 115|0x0000000087300000, 0x0000000087400000, 0x0000000087400000|100%| E|CS|TAMS 0x0000000087300000, 0x0000000087300000| Complete 
| 116|0x0000000087400000, 0x0000000087500000, 0x0000000087500000|100%| E|CS|TAMS 0x0000000087400000, 0x0000000087400000| Complete 
| 117|0x0000000087500000, 0x0000000087600000, 0x0000000087600000|100%| E|CS|TAMS 0x0000000087500000, 0x0000000087500000| Complete 
| 118|0x0000000087600000, 0x0000000087700000, 0x0000000087700000|100%| E|CS|TAMS 0x0000000087600000, 0x0000000087600000| Complete 
| 119|0x0000000087700000, 0x0000000087800000, 0x0000000087800000|100%| E|CS|TAMS 0x0000000087700000, 0x0000000087700000| Complete 
| 120|0x0000000087800000, 0x0000000087900000, 0x0000000087900000|100%| E|CS|TAMS 0x0000000087800000, 0x0000000087800000| Complete 
| 121|0x0000000087900000, 0x0000000087a00000, 0x0000000087a00000|100%| E|CS|TAMS 0x0000000087900000, 0x0000000087900000| Complete 
| 122|0x0000000087a00000, 0x0000000087b00000, 0x0000000087b00000|100%| E|CS|TAMS 0x0000000087a00000, 0x0000000087a00000| Complete 
| 123|0x0000000087b00000, 0x0000000087c00000, 0x0000000087c00000|100%| E|CS|TAMS 0x0000000087b00000, 0x0000000087b00000| Complete 
| 124|0x0000000087c00000, 0x0000000087d00000, 0x0000000087d00000|100%| E|CS|TAMS 0x0000000087c00000, 0x0000000087c00000| Complete 
| 125|0x0000000087d00000, 0x0000000087e00000, 0x0000000087e00000|100%| E|CS|TAMS 0x0000000087d00000, 0x0000000087d00000| Complete 
| 126|0x0000000087e00000, 0x0000000087f00000, 0x0000000087f00000|100%| E|CS|TAMS 0x0000000087e00000, 0x0000000087e00000| Complete 
| 127|0x0000000087f00000, 0x0000000088000000, 0x0000000088000000|100%| E|CS|TAMS 0x0000000087f00000, 0x0000000087f00000| Complete 
| 128|0x0000000088000000, 0x0000000088100000, 0x0000000088100000|100%| E|CS|TAMS 0x0000000088000000, 0x0000000088000000| Complete 
| 129|0x0000000088100000, 0x0000000088200000, 0x0000000088200000|100%| E|CS|TAMS 0x0000000088100000, 0x0000000088100000| Complete 
| 130|0x0000000088200000, 0x0000000088300000, 0x0000000088300000|100%| E|CS|TAMS 0x0000000088200000, 0x0000000088200000| Complete 
| 131|0x0000000088300000, 0x0000000088400000, 0x0000000088400000|100%| E|CS|TAMS 0x0000000088300000, 0x0000000088300000| Complete 
| 132|0x0000000088400000, 0x0000000088500000, 0x0000000088500000|100%| E|CS|TAMS 0x0000000088400000, 0x0000000088400000| Complete 
| 133|0x0000000088500000, 0x0000000088600000, 0x0000000088600000|100%| E|CS|TAMS 0x0000000088500000, 0x0000000088500000| Complete 
| 134|0x0000000088600000, 0x0000000088700000, 0x0000000088700000|100%| E|CS|TAMS 0x0000000088600000, 0x0000000088600000| Complete 
| 135|0x0000000088700000, 0x0000000088800000, 0x0000000088800000|100%| E|CS|TAMS 0x0000000088700000, 0x0000000088700000| Complete 
| 136|0x0000000088800000, 0x0000000088900000, 0x0000000088900000|100%| E|CS|TAMS 0x0000000088800000, 0x0000000088800000| Complete 
| 137|0x0000000088900000, 0x0000000088a00000, 0x0000000088a00000|100%| E|CS|TAMS 0x0000000088900000, 0x0000000088900000| Complete 
| 138|0x0000000088a00000, 0x0000000088b00000, 0x0000000088b00000|100%| E|CS|TAMS 0x0000000088a00000, 0x0000000088a00000| Complete 
| 139|0x0000000088b00000, 0x0000000088c00000, 0x0000000088c00000|100%| E|CS|TAMS 0x0000000088b00000, 0x0000000088b00000| Complete 
| 140|0x0000000088c00000, 0x0000000088d00000, 0x0000000088d00000|100%| E|CS|TAMS 0x0000000088c00000, 0x0000000088c00000| Complete 
| 141|0x0000000088d00000, 0x0000000088e00000, 0x0000000088e00000|100%| E|CS|TAMS 0x0000000088d00000, 0x0000000088d00000| Complete 
| 142|0x0000000088e00000, 0x0000000088f00000, 0x0000000088f00000|100%| E|CS|TAMS 0x0000000088e00000, 0x0000000088e00000| Complete 
| 143|0x0000000088f00000, 0x0000000089000000, 0x0000000089000000|100%| E|CS|TAMS 0x0000000088f00000, 0x0000000088f00000| Complete 
| 144|0x0000000089000000, 0x0000000089100000, 0x0000000089100000|100%| E|CS|TAMS 0x0000000089000000, 0x0000000089000000| Complete 
| 145|0x0000000089100000, 0x0000000089200000, 0x0000000089200000|100%| E|CS|TAMS 0x0000000089100000, 0x0000000089100000| Complete 
| 146|0x0000000089200000, 0x0000000089300000, 0x0000000089300000|100%| E|CS|TAMS 0x0000000089200000, 0x0000000089200000| Complete 
| 147|0x0000000089300000, 0x0000000089400000, 0x0000000089400000|100%| E|CS|TAMS 0x0000000089300000, 0x0000000089300000| Complete 
| 148|0x0000000089400000, 0x0000000089500000, 0x0000000089500000|100%| E|CS|TAMS 0x0000000089400000, 0x0000000089400000| Complete 
| 149|0x0000000089500000, 0x0000000089600000, 0x0000000089600000|100%| E|CS|TAMS 0x0000000089500000, 0x0000000089500000| Complete 
| 150|0x0000000089600000, 0x0000000089700000, 0x0000000089700000|100%| E|CS|TAMS 0x0000000089600000, 0x0000000089600000| Complete 
| 151|0x0000000089700000, 0x0000000089800000, 0x0000000089800000|100%| E|CS|TAMS 0x0000000089700000, 0x0000000089700000| Complete 
| 152|0x0000000089800000, 0x0000000089900000, 0x0000000089900000|100%| E|CS|TAMS 0x0000000089800000, 0x0000000089800000| Complete 
| 153|0x0000000089900000, 0x0000000089a00000, 0x0000000089a00000|100%| E|CS|TAMS 0x0000000089900000, 0x0000000089900000| Complete 
| 154|0x0000000089a00000, 0x0000000089b00000, 0x0000000089b00000|100%| E|CS|TAMS 0x0000000089a00000, 0x0000000089a00000| Complete 
| 155|0x0000000089b00000, 0x0000000089c00000, 0x0000000089c00000|100%| E|CS|TAMS 0x0000000089b00000, 0x0000000089b00000| Complete 
| 156|0x0000000089c00000, 0x0000000089d00000, 0x0000000089d00000|100%| E|CS|TAMS 0x0000000089c00000, 0x0000000089c00000| Complete 
| 157|0x0000000089d00000, 0x0000000089e00000, 0x0000000089e00000|100%| E|CS|TAMS 0x0000000089d00000, 0x0000000089d00000| Complete 
| 158|0x0000000089e00000, 0x0000000089f00000, 0x0000000089f00000|100%| E|CS|TAMS 0x0000000089e00000, 0x0000000089e00000| Complete 
| 159|0x0000000089f00000, 0x000000008a000000, 0x000000008a000000|100%| E|CS|TAMS 0x0000000089f00000, 0x0000000089f00000| Complete 
| 160|0x000000008a000000, 0x000000008a100000, 0x000000008a100000|100%| E|CS|TAMS 0x000000008a000000, 0x000000008a000000| Complete 
| 161|0x000000008a100000, 0x000000008a200000, 0x000000008a200000|100%| E|CS|TAMS 0x000000008a100000, 0x000000008a100000| Complete 
| 162|0x000000008a200000, 0x000000008a300000, 0x000000008a300000|100%| E|CS|TAMS 0x000000008a200000, 0x000000008a200000| Complete 
| 163|0x000000008a300000, 0x000000008a400000, 0x000000008a400000|100%| E|CS|TAMS 0x000000008a300000, 0x000000008a300000| Complete 
| 164|0x000000008a400000, 0x000000008a500000, 0x000000008a500000|100%| E|CS|TAMS 0x000000008a400000, 0x000000008a400000| Complete 
| 165|0x000000008a500000, 0x000000008a600000, 0x000000008a600000|100%| E|CS|TAMS 0x000000008a500000, 0x000000008a500000| Complete 
| 166|0x000000008a600000, 0x000000008a700000, 0x000000008a700000|100%| E|CS|TAMS 0x000000008a600000, 0x000000008a600000| Complete 
| 167|0x000000008a700000, 0x000000008a800000, 0x000000008a800000|100%| E|CS|TAMS 0x000000008a700000, 0x000000008a700000| Complete 
| 168|0x000000008a800000, 0x000000008a900000, 0x000000008a900000|100%| E|CS|TAMS 0x000000008a800000, 0x000000008a800000| Complete 
| 169|0x000000008a900000, 0x000000008aa00000, 0x000000008aa00000|100%| E|CS|TAMS 0x000000008a900000, 0x000000008a900000| Complete 
| 170|0x000000008aa00000, 0x000000008ab00000, 0x000000008ab00000|100%| E|CS|TAMS 0x000000008aa00000, 0x000000008aa00000| Complete 
| 171|0x000000008ab00000, 0x000000008ac00000, 0x000000008ac00000|100%| E|CS|TAMS 0x000000008ab00000, 0x000000008ab00000| Complete 
| 172|0x000000008ac00000, 0x000000008ad00000, 0x000000008ad00000|100%| E|CS|TAMS 0x000000008ac00000, 0x000000008ac00000| Complete 
| 173|0x000000008ad00000, 0x000000008ae00000, 0x000000008ae00000|100%| E|CS|TAMS 0x000000008ad00000, 0x000000008ad00000| Complete 
| 174|0x000000008ae00000, 0x000000008af00000, 0x000000008af00000|100%| E|CS|TAMS 0x000000008ae00000, 0x000000008ae00000| Complete 
| 175|0x000000008af00000, 0x000000008b000000, 0x000000008b000000|100%| E|CS|TAMS 0x000000008af00000, 0x000000008af00000| Complete 
| 176|0x000000008b000000, 0x000000008b100000, 0x000000008b100000|100%| E|CS|TAMS 0x000000008b000000, 0x000000008b000000| Complete 
| 177|0x000000008b100000, 0x000000008b200000, 0x000000008b200000|100%| E|CS|TAMS 0x000000008b100000, 0x000000008b100000| Complete 
| 178|0x000000008b200000, 0x000000008b300000, 0x000000008b300000|100%| E|CS|TAMS 0x000000008b200000, 0x000000008b200000| Complete 
| 179|0x000000008b300000, 0x000000008b400000, 0x000000008b400000|100%| E|CS|TAMS 0x000000008b300000, 0x000000008b300000| Complete 
| 180|0x000000008b400000, 0x000000008b500000, 0x000000008b500000|100%| E|CS|TAMS 0x000000008b400000, 0x000000008b400000| Complete 
| 181|0x000000008b500000, 0x000000008b600000, 0x000000008b600000|100%| E|CS|TAMS 0x000000008b500000, 0x000000008b500000| Complete 
| 182|0x000000008b600000, 0x000000008b700000, 0x000000008b700000|100%| E|CS|TAMS 0x000000008b600000, 0x000000008b600000| Complete 
| 183|0x000000008b700000, 0x000000008b800000, 0x000000008b800000|100%| E|CS|TAMS 0x000000008b700000, 0x000000008b700000| Complete 
| 184|0x000000008b800000, 0x000000008b900000, 0x000000008b900000|100%| E|CS|TAMS 0x000000008b800000, 0x000000008b800000| Complete 

Card table byte_map: [0x0000000016110000,0x0000000016510000] _byte_map_base: 0x0000000015d10000

Marking Bits (Prev, Next): (CMBitMap*) 0x0000000002bd06c0, (CMBitMap*) 0x0000000002bd0688
 Prev Bits: [0x0000000018910000, 0x000000001a910000)
 Next Bits: [0x0000000016910000, 0x0000000018910000)

Polling page: 0x00000000001e0000

Metaspace:

Usage:
  Non-class:     62.94 MB capacity,    61.86 MB ( 98%) used,   924.05 KB (  1%) free+waste,   184.75 KB ( <1%) overhead. 
      Class:      9.90 MB capacity,     9.22 MB ( 93%) used,   607.78 KB (  6%) free+waste,    86.38 KB ( <1%) overhead. 
       Both:     72.84 MB capacity,    71.08 MB ( 98%) used,     1.50 MB (  2%) free+waste,   271.13 KB ( <1%) overhead. 

Virtual space:
  Non-class space:       64.00 MB reserved,      63.17 MB ( 99%) committed 
      Class space:        1.00 GB reserved,       9.95 MB ( <1%) committed 
             Both:        1.06 GB reserved,      73.12 MB (  7%) committed 

Chunk freelists:
   Non-Class:  46.00 KB
       Class:  9.00 KB
        Both:  55.00 KB

MaxMetaspaceSize: 17179869184.00 GB
CompressedClassSpaceSize: 1.00 GB
Initial GC threshold: 20.80 MB
Current GC threshold: 99.14 MB
CDS: off

CodeHeap 'non-profiled nmethods': size=120000Kb used=4616Kb max_used=4616Kb free=115383Kb
 bounds [0x000000000e180000, 0x000000000e610000, 0x00000000156b0000]
CodeHeap 'profiled nmethods': size=120000Kb used=15255Kb max_used=15255Kb free=104744Kb
 bounds [0x0000000006c50000, 0x0000000007b40000, 0x000000000e180000]
CodeHeap 'non-nmethods': size=5760Kb used=2353Kb max_used=2434Kb free=3406Kb
 bounds [0x00000000066b0000, 0x0000000006920000, 0x0000000006c50000]
 total_blobs=7935 nmethods=7069 adapters=778
 compilation: enabled
              stopped_count=0, restarted_count=0
 full_count=0

Compilation events (20 events):
Event: 5.657 Thread 0x000000001e514800 7065       1       org.gradle.api.internal.artifacts.ivyservice.resolveengine.result.DetachedComponentResult::getResultId (5 bytes)
Event: 5.657 Thread 0x000000001e514800 nmethod 7065 0x000000000e601110 code [0x000000000e6012c0, 0x000000000e601378]
Event: 5.657 Thread 0x000000001e514800 7066       1       org.gradle.api.internal.artifacts.ivyservice.resolveengine.result.DetachedComponentResult::getModuleVersion (5 bytes)
Event: 5.657 Thread 0x000000001e514800 nmethod 7066 0x000000000e601410 code [0x000000000e6015c0, 0x000000000e601678]
Event: 5.657 Thread 0x000000001e514800 7067       1       org.gradle.api.internal.artifacts.ivyservice.resolveengine.result.DetachedComponentResult::getSelectionReason (5 bytes)
Event: 5.657 Thread 0x000000001e514800 nmethod 7067 0x000000000e601710 code [0x000000000e6018c0, 0x000000000e601978]
Event: 5.657 Thread 0x000000001e514800 7068       1       org.gradle.api.internal.artifacts.ivyservice.resolveengine.result.DetachedComponentResult::getComponentId (5 bytes)
Event: 5.657 Thread 0x000000001e514800 nmethod 7068 0x000000000e601a10 code [0x000000000e601bc0, 0x000000000e601c78]
Event: 5.657 Thread 0x000000001e514800 7069       1       org.gradle.api.internal.artifacts.ivyservice.resolveengine.result.DetachedComponentResult::getResolvedVariants (5 bytes)
Event: 5.657 Thread 0x000000001e514800 nmethod 7069 0x000000000e601d10 code [0x000000000e601ec0, 0x000000000e601f78]
Event: 5.657 Thread 0x000000001e514800 7070       1       org.gradle.api.internal.artifacts.ivyservice.resolveengine.result.DetachedComponentResult::getRepositoryName (5 bytes)
Event: 5.657 Thread 0x000000001e514800 nmethod 7070 0x000000000e602010 code [0x000000000e6021c0, 0x000000000e602278]
Event: 5.658 Thread 0x000000001e514800 7089       3       java.lang.invoke.SimpleMethodHandle::make (10 bytes)
Event: 5.658 Thread 0x000000001e514800 nmethod 7089 0x0000000007b14110 code [0x0000000007b142e0, 0x0000000007b144c8]
Event: 5.658 Thread 0x000000001e514800 7090       3       java.lang.invoke.SimpleMethodHandle::<init> (7 bytes)
Event: 5.658 Thread 0x000000001e514800 nmethod 7090 0x0000000007b14610 code [0x0000000007b147e0, 0x0000000007b14988]
Event: 5.666 Thread 0x000000001e514800 7091       3       java.util.TreeSet::add (22 bytes)
Event: 5.666 Thread 0x000000001e514800 nmethod 7091 0x0000000007b14a90 code [0x0000000007b14c60, 0x0000000007b14e88]
Event: 5.668 Thread 0x000000001e514800 7092       3       com.esotericsoftware.kryo.io.Output::writeBoolean (44 bytes)
Event: 5.668 Thread 0x000000001e514800 nmethod 7092 0x0000000007b14f90 code [0x0000000007b15160, 0x0000000007b15388]

GC Heap History (20 events):
Event: 1.054 GC heap before
{Heap before GC invocations=1 (full 0):
 garbage-first heap   total 131072K, used 84225K [0x0000000080000000, 0x0000000100000000)
  region size 1024K, 76 young (77824K), 3 survivors (3072K)
 Metaspace       used 17539K, capacity 18017K, committed 18176K, reserved 1064960K
  class space    used 2040K, capacity 2179K, committed 2304K, reserved 1048576K
}
Event: 1.060 GC heap after
{Heap after GC invocations=2 (full 0):
 garbage-first heap   total 131072K, used 16457K [0x0000000080000000, 0x0000000100000000)
  region size 1024K, 10 young (10240K), 10 survivors (10240K)
 Metaspace       used 17539K, capacity 18017K, committed 18176K, reserved 1064960K
  class space    used 2040K, capacity 2179K, committed 2304K, reserved 1048576K
}
Event: 1.265 GC heap before
{Heap before GC invocations=2 (full 0):
 garbage-first heap   total 131072K, used 46153K [0x0000000080000000, 0x0000000100000000)
  region size 1024K, 40 young (40960K), 10 survivors (10240K)
 Metaspace       used 20772K, capacity 21199K, committed 21296K, reserved 1069056K
  class space    used 2527K, capacity 2686K, committed 2688K, reserved 1048576K
}
Event: 1.270 GC heap after
{Heap after GC invocations=3 (full 0):
 garbage-first heap   total 131072K, used 17183K [0x0000000080000000, 0x0000000100000000)
  region size 1024K, 2 young (2048K), 2 survivors (2048K)
 Metaspace       used 20772K, capacity 21199K, committed 21296K, reserved 1069056K
  class space    used 2527K, capacity 2686K, committed 2688K, reserved 1048576K
}
Event: 1.692 GC heap before
{Heap before GC invocations=4 (full 0):
 garbage-first heap   total 131072K, used 72479K [0x0000000080000000, 0x0000000100000000)
  region size 1024K, 56 young (57344K), 2 survivors (2048K)
 Metaspace       used 26677K, capacity 27325K, committed 27516K, reserved 1073152K
  class space    used 3447K, capacity 3674K, committed 3788K, reserved 1048576K
}
Event: 1.694 GC heap after
{Heap after GC invocations=5 (full 0):
 garbage-first heap   total 131072K, used 19081K [0x0000000080000000, 0x0000000100000000)
  region size 1024K, 4 young (4096K), 4 survivors (4096K)
 Metaspace       used 26677K, capacity 27325K, committed 27516K, reserved 1073152K
  class space    used 3447K, capacity 3674K, committed 3788K, reserved 1048576K
}
Event: 2.184 GC heap before
{Heap before GC invocations=5 (full 0):
 garbage-first heap   total 131072K, used 79497K [0x0000000080000000, 0x0000000100000000)
  region size 1024K, 64 young (65536K), 4 survivors (4096K)
 Metaspace       used 35200K, capacity 35949K, committed 35964K, reserved 1081344K
  class space    used 4518K, capacity 4808K, committed 4812K, reserved 1048576K
}
Event: 2.190 GC heap after
{Heap after GC invocations=6 (full 0):
 garbage-first heap   total 131072K, used 22589K [0x0000000080000000, 0x0000000100000000)
  region size 1024K, 7 young (7168K), 7 survivors (7168K)
 Metaspace       used 35200K, capacity 35949K, committed 35964K, reserved 1081344K
  class space    used 4518K, capacity 4808K, committed 4812K, reserved 1048576K
}
Event: 2.597 GC heap before
{Heap before GC invocations=7 (full 0):
 garbage-first heap   total 131072K, used 89149K [0x0000000080000000, 0x0000000100000000)
  region size 1024K, 69 young (70656K), 7 survivors (7168K)
 Metaspace       used 39919K, capacity 40844K, committed 40956K, reserved 1085440K
  class space    used 5052K, capacity 5409K, committed 5452K, reserved 1048576K
}
Event: 2.605 GC heap after
{Heap after GC invocations=8 (full 0):
 garbage-first heap   total 157696K, used 27588K [0x0000000080000000, 0x0000000100000000)
  region size 1024K, 9 young (9216K), 9 survivors (9216K)
 Metaspace       used 39919K, capacity 40844K, committed 40956K, reserved 1085440K
  class space    used 5052K, capacity 5409K, committed 5452K, reserved 1048576K
}
Event: 3.101 GC heap before
{Heap before GC invocations=8 (full 0):
 garbage-first heap   total 157696K, used 104388K [0x0000000080000000, 0x0000000100000000)
  region size 1024K, 84 young (86016K), 9 survivors (9216K)
 Metaspace       used 46852K, capacity 48016K, committed 48124K, reserved 1091584K
  class space    used 5952K, capacity 6385K, committed 6476K, reserved 1048576K
}
Event: 3.106 GC heap after
{Heap after GC invocations=9 (full 0):
 garbage-first heap   total 157696K, used 30515K [0x0000000080000000, 0x0000000100000000)
  region size 1024K, 8 young (8192K), 8 survivors (8192K)
 Metaspace       used 46852K, capacity 48016K, committed 48124K, reserved 1091584K
  class space    used 5952K, capacity 6385K, committed 6476K, reserved 1048576K
}
Event: 3.714 GC heap before
{Heap before GC invocations=9 (full 0):
 garbage-first heap   total 157696K, used 117555K [0x0000000080000000, 0x0000000100000000)
  region size 1024K, 89 young (91136K), 8 survivors (8192K)
 Metaspace       used 50469K, capacity 51869K, committed 51964K, reserved 1093632K
  class space    used 6388K, capacity 6933K, committed 6988K, reserved 1048576K
}
Event: 3.720 GC heap after
{Heap after GC invocations=10 (full 0):
 garbage-first heap   total 157696K, used 42387K [0x0000000080000000, 0x0000000100000000)
  region size 1024K, 11 young (11264K), 11 survivors (11264K)
 Metaspace       used 50469K, capacity 51869K, committed 51964K, reserved 1093632K
  class space    used 6388K, capacity 6933K, committed 6988K, reserved 1048576K
}
Event: 4.297 GC heap before
{Heap before GC invocations=10 (full 0):
 garbage-first heap   total 157696K, used 100755K [0x0000000080000000, 0x0000000100000000)
  region size 1024K, 69 young (70656K), 11 survivors (11264K)
 Metaspace       used 58911K, capacity 60411K, committed 60580K, reserved 1101824K
  class space    used 7450K, capacity 8006K, committed 8012K, reserved 1048576K
}
Event: 4.307 GC heap after
{Heap after GC invocations=11 (full 0):
 garbage-first heap   total 157696K, used 45360K [0x0000000080000000, 0x0000000100000000)
  region size 1024K, 4 young (4096K), 4 survivors (4096K)
 Metaspace       used 58911K, capacity 60411K, committed 60580K, reserved 1101824K
  class space    used 7450K, capacity 8006K, committed 8012K, reserved 1048576K
}
Event: 4.749 GC heap before
{Heap before GC invocations=12 (full 0):
 garbage-first heap   total 157696K, used 123184K [0x0000000080000000, 0x0000000100000000)
  region size 1024K, 73 young (74752K), 4 survivors (4096K)
 Metaspace       used 64282K, capacity 65768K, committed 66044K, reserved 1105920K
  class space    used 8112K, capacity 8692K, committed 8780K, reserved 1048576K
}
Event: 4.755 GC heap after
{Heap after GC invocations=13 (full 0):
 garbage-first heap   total 189440K, used 51640K [0x0000000080000000, 0x0000000100000000)
  region size 1024K, 9 young (9216K), 9 survivors (9216K)
 Metaspace       used 64282K, capacity 65768K, committed 66044K, reserved 1105920K
  class space    used 8112K, capacity 8692K, committed 8780K, reserved 1048576K
}
Event: 5.277 GC heap before
{Heap before GC invocations=13 (full 0):
 garbage-first heap   total 189440K, used 139704K [0x0000000080000000, 0x0000000100000000)
  region size 1024K, 95 young (97280K), 9 survivors (9216K)
 Metaspace       used 68251K, capacity 69968K, committed 70268K, reserved 1110016K
  class space    used 8701K, capacity 9334K, committed 9420K, reserved 1048576K
}
Event: 5.285 GC heap after
{Heap after GC invocations=14 (full 0):
 garbage-first heap   total 189440K, used 56640K [0x0000000080000000, 0x0000000100000000)
  region size 1024K, 12 young (12288K), 12 survivors (12288K)
 Metaspace       used 68251K, capacity 69968K, committed 70268K, reserved 1110016K
  class space    used 8701K, capacity 9334K, committed 9420K, reserved 1048576K
}

Deoptimization events (20 events):
Event: 5.628 Thread 0x00000000213c3000 DEOPT PACKING pc=0x000000000e564f34 sp=0x0000000023f85100
Event: 5.628 Thread 0x00000000213c3000 DEOPT UNPACKING pc=0x00000000066fa1af sp=0x0000000023f850f0 mode 2
Event: 5.641 Thread 0x00000000213c3000 Uncommon trap: trap_request=0xffffffde fr.pc=0x000000000e54f534 relative=0x0000000000002c14
Event: 5.641 Thread 0x00000000213c3000 Uncommon trap: reason=class_check action=maybe_recompile pc=0x000000000e54f534 method=java.util.TreeMap.put(Ljava/lang/Object;Ljava/lang/Object;)Ljava/lang/Object; @ 127 c2
Event: 5.641 Thread 0x00000000213c3000 DEOPT PACKING pc=0x000000000e54f534 sp=0x0000000023f8a920
Event: 5.641 Thread 0x00000000213c3000 DEOPT UNPACKING pc=0x00000000066fa1af sp=0x0000000023f8a8e8 mode 2
Event: 5.643 Thread 0x00000000213c3000 DEOPT PACKING pc=0x00000000070e6af9 sp=0x0000000023f88fc0
Event: 5.643 Thread 0x00000000213c3000 DEOPT UNPACKING pc=0x00000000066fa95e sp=0x0000000023f88488 mode 0
Event: 5.644 Thread 0x00000000213c3000 Uncommon trap: trap_request=0xffffffde fr.pc=0x000000000e54f534 relative=0x0000000000002c14
Event: 5.644 Thread 0x00000000213c3000 Uncommon trap: reason=class_check action=maybe_recompile pc=0x000000000e54f534 method=java.util.TreeMap.put(Ljava/lang/Object;Ljava/lang/Object;)Ljava/lang/Object; @ 127 c2
Event: 5.644 Thread 0x00000000213c3000 DEOPT PACKING pc=0x000000000e54f534 sp=0x0000000023f8a920
Event: 5.644 Thread 0x00000000213c3000 DEOPT UNPACKING pc=0x00000000066fa1af sp=0x0000000023f8a8e8 mode 2
Event: 5.645 Thread 0x00000000213c3000 Uncommon trap: trap_request=0xffffffde fr.pc=0x000000000e54f534 relative=0x0000000000002c14
Event: 5.645 Thread 0x00000000213c3000 Uncommon trap: reason=class_check action=maybe_recompile pc=0x000000000e54f534 method=java.util.TreeMap.put(Ljava/lang/Object;Ljava/lang/Object;)Ljava/lang/Object; @ 127 c2
Event: 5.645 Thread 0x00000000213c3000 DEOPT PACKING pc=0x000000000e54f534 sp=0x0000000023f8a920
Event: 5.645 Thread 0x00000000213c3000 DEOPT UNPACKING pc=0x00000000066fa1af sp=0x0000000023f8a8e8 mode 2
Event: 5.649 Thread 0x00000000213c3000 Uncommon trap: trap_request=0xffffff4d fr.pc=0x000000000e41d77c relative=0x00000000000001bc
Event: 5.650 Thread 0x00000000213c3000 Uncommon trap: reason=unstable_if action=reinterpret pc=0x000000000e41d77c method=com.esotericsoftware.kryo.io.Input.require(I)I @ 65 c2
Event: 5.650 Thread 0x00000000213c3000 DEOPT PACKING pc=0x000000000e41d77c sp=0x0000000023f89000
Event: 5.650 Thread 0x00000000213c3000 DEOPT UNPACKING pc=0x00000000066fa1af sp=0x0000000023f88fb0 mode 2

Classes redefined (0 events):
No events

Internal exceptions (20 events):
Event: 5.613 Thread 0x00000000213c3000 Exception <a 'java/lang/ClassNotFoundException'{0x00000000884f5270}: com/google/android/gms/dependencies/DependencyInspectorCustomizer> (0x00000000884f5270) thrown at [./src/hotspot/share/classfile/systemDictionary.cpp, line 231]
Event: 5.617 Thread 0x00000000213c3000 Exception <a 'java/lang/ClassNotFoundException'{0x0000000088190918}: org/gradle/api/internal/artifacts/configurations/DefaultConfigurationContainer_DecoratedBeanInfo> (0x0000000088190918) thrown at [./src/hotspot/share/classfile/systemDictionary.cpp, line 231]
Event: 5.617 Thread 0x00000000213c3000 Exception <a 'java/lang/ClassNotFoundException'{0x00000000881beea8}: org/gradle/api/internal/artifacts/configurations/DefaultConfigurationContainerBeanInfo> (0x00000000881beea8) thrown at [./src/hotspot/share/classfile/systemDictionary.cpp, line 231]
Event: 5.617 Thread 0x00000000213c3000 Exception <a 'java/lang/ClassNotFoundException'{0x00000000881db288}: org/gradle/api/internal/AbstractValidatingNamedDomainObjectContainerBeanInfo> (0x00000000881db288) thrown at [./src/hotspot/share/classfile/systemDictionary.cpp, line 231]
Event: 5.618 Thread 0x00000000213c3000 Exception <a 'java/lang/ClassNotFoundException'{0x00000000881f7888}: org/gradle/api/internal/AbstractValidatingNamedDomainObjectContainerCustomizer> (0x00000000881f7888) thrown at [./src/hotspot/share/classfile/systemDictionary.cpp, line 231]
Event: 5.618 Thread 0x00000000213c3000 Exception <a 'java/lang/ClassNotFoundException'{0x0000000088031190}: org/gradle/api/internal/artifacts/configurations/DefaultConfigurationContainerCustomizer> (0x0000000088031190) thrown at [./src/hotspot/share/classfile/systemDictionary.cpp, line 231]
Event: 5.619 Thread 0x00000000213c3000 Exception <a 'java/lang/ClassNotFoundException'{0x0000000088075c70}: org/gradle/api/internal/artifacts/configurations/DefaultConfigurationContainer_DecoratedCustomizer> (0x0000000088075c70) thrown at [./src/hotspot/share/classfile/systemDictionary.cpp, line 231]
Event: 5.623 Thread 0x00000000213c3000 Exception <a 'java/lang/ClassNotFoundException'{0x0000000087d01d48}: org/gradle/api/internal/artifacts/configurations/DefaultConfiguration_DecoratedBeanInfo> (0x0000000087d01d48) thrown at [./src/hotspot/share/classfile/systemDictionary.cpp, line 231]
Event: 5.623 Thread 0x00000000213c3000 Exception <a 'java/lang/ClassNotFoundException'{0x0000000087d2f210}: org/gradle/api/internal/artifacts/configurations/DefaultConfigurationBeanInfo> (0x0000000087d2f210) thrown at [./src/hotspot/share/classfile/systemDictionary.cpp, line 231]
Event: 5.624 Thread 0x00000000213c3000 Exception <a 'java/lang/ClassNotFoundException'{0x0000000087d4a230}: org/gradle/api/internal/file/AbstractFileCollectionBeanInfo> (0x0000000087d4a230) thrown at [./src/hotspot/share/classfile/systemDictionary.cpp, line 231]
Event: 5.624 Thread 0x00000000213c3000 Exception <a 'java/lang/ClassNotFoundException'{0x0000000087d652a0}: org/gradle/api/internal/file/AbstractFileCollectionCustomizer> (0x0000000087d652a0) thrown at [./src/hotspot/share/classfile/systemDictionary.cpp, line 231]
Event: 5.625 Thread 0x00000000213c3000 Exception <a 'java/lang/ClassNotFoundException'{0x0000000087da4be8}: org/gradle/api/internal/artifacts/configurations/DefaultConfigurationCustomizer> (0x0000000087da4be8) thrown at [./src/hotspot/share/classfile/systemDictionary.cpp, line 231]
Event: 5.627 Thread 0x00000000213c3000 Exception <a 'java/lang/ClassNotFoundException'{0x0000000087c357e8}: org/gradle/api/internal/artifacts/configurations/DefaultConfiguration_DecoratedCustomizer> (0x0000000087c357e8) thrown at [./src/hotspot/share/classfile/systemDictionary.cpp, line 231]
Event: 5.628 Thread 0x00000000213c3000 Implicit null exception at 0x000000000e563de8 to 0x000000000e564f1c
Event: 5.631 Thread 0x00000000213c3000 Exception <a 'java/lang/ClassNotFoundException'{0x0000000087ac26e0}: org/codehaus/groovy/runtime/MethodClosureBeanInfo> (0x0000000087ac26e0) thrown at [./src/hotspot/share/classfile/systemDictionary.cpp, line 231]
Event: 5.632 Thread 0x00000000213c3000 Exception <a 'java/lang/ClassNotFoundException'{0x000000008789d4d0}: org/codehaus/groovy/runtime/MethodClosureCustomizer> (0x000000008789d4d0) thrown at [./src/hotspot/share/classfile/systemDictionary.cpp, line 231]
Event: 5.634 Thread 0x00000000213c3000 Exception <a 'java/lang/ClassNotFoundException'{0x000000008770c280}: org/gradle/api/internal/artifacts/configurations/DefaultConfiguration$ConfigurationResolvableDependencies_DecoratedBeanInfo> (0x000000008770c280) thrown at [./src/hotspot/share/classfile/systemDictionary.cpp, line 231]
Event: 5.634 Thread 0x00000000213c3000 Exception <a 'java/lang/ClassNotFoundException'{0x0000000087742550}: org/gradle/api/internal/artifacts/configurations/DefaultConfiguration$ConfigurationResolvableDependenciesBeanInfo> (0x0000000087742550) thrown at [./src/hotspot/share/classfile/systemDictionary.cpp, line 231]
Event: 5.634 Thread 0x00000000213c3000 Exception <a 'java/lang/ClassNotFoundException'{0x000000008777a208}: org/gradle/api/internal/artifacts/configurations/DefaultConfiguration$ConfigurationResolvableDependenciesCustomizer> (0x000000008777a208) thrown at [./src/hotspot/share/classfile/systemDictionary.cpp, line 231]
Event: 5.635 Thread 0x00000000213c3000 Exception <a 'java/lang/ClassNotFoundException'{0x00000000877c3928}: org/gradle/api/internal/artifacts/configurations/DefaultConfiguration$ConfigurationResolvableDependencies_DecoratedCustomizer> (0x00000000877c3928) thrown at [./src/hotspot/share/classfile/systemDictionary.cpp, line 231]

Events (20 events):
Event: 5.672 loading class org/gradle/api/internal/tasks/properties/OutputUnpacker$UnpackedOutputConsumer
Event: 5.672 loading class org/gradle/api/internal/tasks/properties/OutputUnpacker$UnpackedOutputConsumer done
Event: 5.672 loading class org/gradle/api/internal/tasks/DefaultTaskOutputs$TaskOutputUnionFileCollection
Event: 5.672 loading class org/gradle/api/internal/tasks/DefaultTaskOutputs$TaskOutputUnionFileCollection done
Event: 5.672 loading class org/gradle/api/internal/tasks/DefaultTaskDestroyables
Event: 5.672 loading class org/gradle/api/internal/tasks/DefaultTaskDestroyables done
Event: 5.672 loading class org/gradle/api/internal/tasks/TaskDestroyablesInternal
Event: 5.672 loading class org/gradle/api/internal/tasks/TaskDestroyablesInternal done
Event: 5.672 loading class org/gradle/api/internal/tasks/DefaultTaskLocalState
Event: 5.672 loading class org/gradle/api/internal/tasks/DefaultTaskLocalState done
Event: 5.673 loading class org/gradle/api/tasks/UntrackedTask
Event: 5.673 loading class org/gradle/api/tasks/UntrackedTask done
Event: 5.673 loading class org/gradle/api/tasks/TaskAction
Event: 5.673 loading class org/gradle/api/tasks/TaskAction done
Event: 5.673 loading class org/gradle/api/Task
Event: 5.673 loading class org/gradle/api/Task done
Event: 5.673 loading class org/gradle/api/internal/AbstractTask$10
Event: 5.673 loading class org/gradle/api/internal/AbstractTask$10 done
Event: 5.674 loading class org/gradle/internal/execution/impl/DefaultWorkValidationContext
Event: 5.674 loading class org/gradle/internal/execution/impl/DefaultWorkValidationContext done


Dynamic libraries:
0x00007ff6fe730000 - 0x00007ff6fe73a000 	C:\Program Files\Android\Android Studio\jre\bin\java.exe
0x00007ff9c8a30000 - 0x00007ff9c8c25000 	C:\Windows\SYSTEM32\ntdll.dll
0x00007ff9c8550000 - 0x00007ff9c860d000 	C:\Windows\System32\KERNEL32.DLL
0x00007ff9c63b0000 - 0x00007ff9c6678000 	C:\Windows\System32\KERNELBASE.dll
0x00007ff9c61a0000 - 0x00007ff9c62a0000 	C:\Windows\System32\ucrtbase.dll
0x00007ff9a7160000 - 0x00007ff9a7179000 	C:\Program Files\Android\Android Studio\jre\bin\jli.dll
0x00007ff9c7930000 - 0x00007ff9c7ad0000 	C:\Windows\System32\USER32.dll
0x00007ff9c6170000 - 0x00007ff9c6192000 	C:\Windows\System32\win32u.dll
0x00007ff9c8520000 - 0x00007ff9c854a000 	C:\Windows\System32\GDI32.dll
0x00007ff9b46f0000 - 0x00007ff9b498a000 	C:\Windows\WinSxS\amd64_microsoft.windows.common-controls_6595b64144ccf1df_6.0.19041.844_none_ca00b6081b84eb1d\COMCTL32.dll
0x00007ff9c62a0000 - 0x00007ff9c63ab000 	C:\Windows\System32\gdi32full.dll
0x00007ff9c68c0000 - 0x00007ff9c695d000 	C:\Windows\System32\msvcp_win.dll
0x00007ff9a27d0000 - 0x00007ff9a27e7000 	C:\Program Files\Android\Android Studio\jre\bin\VCRUNTIME140.dll
0x00007ff9c70d0000 - 0x00007ff9c716e000 	C:\Windows\System32\msvcrt.dll
0x00007ff9c8740000 - 0x00007ff9c8770000 	C:\Windows\System32\IMM32.DLL
0x00007ff989930000 - 0x00007ff9899cd000 	C:\Program Files\Android\Android Studio\jre\bin\msvcp140.dll
0x00007ff9793a0000 - 0x00007ff979ea2000 	C:\Program Files\Android\Android Studio\jre\bin\server\jvm.dll
0x00007ff9c8770000 - 0x00007ff9c881c000 	C:\Windows\System32\ADVAPI32.dll
0x00007ff9c7300000 - 0x00007ff9c739b000 	C:\Windows\System32\sechost.dll
0x00007ff9c7ad0000 - 0x00007ff9c7bfb000 	C:\Windows\System32\RPCRT4.dll
0x00007ff9c89e0000 - 0x00007ff9c89e8000 	C:\Windows\System32\PSAPI.DLL
0x00007ff9c0990000 - 0x00007ff9c0999000 	C:\Windows\SYSTEM32\WSOCK32.dll
0x00007ff9baf50000 - 0x00007ff9baf77000 	C:\Windows\SYSTEM32\WINMM.dll
0x00007ff9c0930000 - 0x00007ff9c093a000 	C:\Windows\SYSTEM32\VERSION.dll
0x00007ff9c7290000 - 0x00007ff9c72fb000 	C:\Windows\System32\WS2_32.dll
0x00007ff9c4a60000 - 0x00007ff9c4a72000 	C:\Windows\SYSTEM32\kernel.appcore.dll
0x00007ff9c0650000 - 0x00007ff9c0661000 	C:\Program Files\Android\Android Studio\jre\bin\verify.dll
0x00007ff9a2f30000 - 0x00007ff9a3114000 	C:\Windows\SYSTEM32\DBGHELP.DLL
0x00007ff9a2f00000 - 0x00007ff9a2f2c000 	C:\Windows\SYSTEM32\dbgcore.DLL
0x00007ff9c6960000 - 0x00007ff9c69e0000 	C:\Windows\System32\bcryptPrimitives.dll
0x00007ff9c01b0000 - 0x00007ff9c01d9000 	C:\Program Files\Android\Android Studio\jre\bin\java.dll
0x00007ff9c0640000 - 0x00007ff9c064b000 	C:\Program Files\Android\Android Studio\jre\bin\jimage.dll
0x00007ff9c0480000 - 0x00007ff9c0498000 	C:\Program Files\Android\Android Studio\jre\bin\zip.dll
0x00007ff9c7ce0000 - 0x00007ff9c8422000 	C:\Windows\System32\SHELL32.dll
0x00007ff9c42b0000 - 0x00007ff9c4a41000 	C:\Windows\SYSTEM32\windows.storage.dll
0x00007ff9c6ab0000 - 0x00007ff9c6e05000 	C:\Windows\System32\combase.dll
0x00007ff9c5be0000 - 0x00007ff9c5c0c000 	C:\Windows\SYSTEM32\Wldp.dll
0x00007ff9c6e10000 - 0x00007ff9c6ebe000 	C:\Windows\System32\SHCORE.dll
0x00007ff9c6ec0000 - 0x00007ff9c6f15000 	C:\Windows\System32\shlwapi.dll
0x00007ff9c60b0000 - 0x00007ff9c60cf000 	C:\Windows\SYSTEM32\profapi.dll
0x00007ff9c0190000 - 0x00007ff9c01aa000 	C:\Program Files\Android\Android Studio\jre\bin\net.dll
0x00007ff9b4470000 - 0x00007ff9b457b000 	C:\Windows\SYSTEM32\WINHTTP.dll
0x00007ff9c5950000 - 0x00007ff9c59ba000 	C:\Windows\system32\mswsock.dll
0x00007ff9c0170000 - 0x00007ff9c0184000 	C:\Program Files\Android\Android Studio\jre\bin\nio.dll
0x00007ff9a55f0000 - 0x00007ff9a5617000 	C:\Users\User\.gradle\native\e1d6ef7f7dcc3fd88c89a11ec53ec762bb8ba0a96d01ffa2cd45eb1d1d8dd5c5\windows-amd64\native-platform.dll
0x00007ff9704a0000 - 0x00007ff9705e4000 	C:\Users\User\.gradle\native\0d407fdbe67a94daf76414ababcb853783967236a71b16ec16e742cd7a986fd3\windows-amd64\native-platform-file-events.dll
0x00007ff9c0160000 - 0x00007ff9c016a000 	C:\Program Files\Android\Android Studio\jre\bin\management.dll
0x00007ff9c0150000 - 0x00007ff9c015d000 	C:\Program Files\Android\Android Studio\jre\bin\management_ext.dll
0x00007ff9c5b20000 - 0x00007ff9c5b38000 	C:\Windows\SYSTEM32\CRYPTSP.dll
0x00007ff9c5280000 - 0x00007ff9c52b4000 	C:\Windows\system32\rsaenh.dll
0x00007ff9c6890000 - 0x00007ff9c68b7000 	C:\Windows\System32\bcrypt.dll
0x00007ff9c6070000 - 0x00007ff9c609e000 	C:\Windows\SYSTEM32\USERENV.dll
0x00007ff9c5b40000 - 0x00007ff9c5b4c000 	C:\Windows\SYSTEM32\CRYPTBASE.dll
0x00007ff9c55f0000 - 0x00007ff9c562b000 	C:\Windows\SYSTEM32\IPHLPAPI.DLL
0x00007ff9c8820000 - 0x00007ff9c8828000 	C:\Windows\System32\NSI.dll
0x00007ff9bf0f0000 - 0x00007ff9bf107000 	C:\Windows\SYSTEM32\dhcpcsvc6.DLL
0x00007ff9c0070000 - 0x00007ff9c008d000 	C:\Windows\SYSTEM32\dhcpcsvc.DLL
0x00007ff9c5630000 - 0x00007ff9c56fc000 	C:\Windows\SYSTEM32\DNSAPI.dll

dbghelp: loaded successfully - version: 4.0.5 - missing functions: none
symbol engine: initialized successfully - sym options: 0x614 - pdb path: .;C:\Program Files\Android\Android Studio\jre\bin;C:\Windows\SYSTEM32;C:\Windows\WinSxS\amd64_microsoft.windows.common-controls_6595b64144ccf1df_6.0.19041.844_none_ca00b6081b84eb1d;C:\Program Files\Android\Android Studio\jre\bin\server;C:\Users\User\.gradle\native\e1d6ef7f7dcc3fd88c89a11ec53ec762bb8ba0a96d01ffa2cd45eb1d1d8dd5c5\windows-amd64;C:\Users\User\.gradle\native\0d407fdbe67a94daf76414ababcb853783967236a71b16ec16e742cd7a986fd3\windows-amd64

VM Arguments:
jvm_args: --add-opens=java.base/java.util=ALL-UNNAMED --add-opens=java.base/java.lang=ALL-UNNAMED --add-opens=java.base/java.lang.invoke=ALL-UNNAMED --add-opens=java.base/java.util=ALL-UNNAMED --add-opens=java.prefs/java.util.prefs=ALL-UNNAMED --add-opens=java.prefs/java.util.prefs=ALL-UNNAMED --add-opens=java.base/java.nio.charset=ALL-UNNAMED --add-opens=java.base/java.net=ALL-UNNAMED --add-opens=java.base/java.util.concurrent.atomic=ALL-UNNAMED -Xmx2048m -Dfile.encoding=UTF-8 -Duser.country=TW -Duser.language=zh -Duser.variant 
java_command: org.gradle.launcher.daemon.bootstrap.GradleDaemon 7.4
java_class_path (initial): C:\Users\User\.gradle\wrapper\dists\gradle-7.4-bin\c0gwcg53nkjbqw7r0h0umtfvt\gradle-7.4\lib\gradle-launcher-7.4.jar
Launcher Type: SUN_STANDARD

[Global flags]
     intx CICompilerCount                          = 4                                         {product} {ergonomic}
     uint ConcGCThreads                            = 3                                         {product} {ergonomic}
     uint G1ConcRefinementThreads                  = 10                                        {product} {ergonomic}
   size_t G1HeapRegionSize                         = 1048576                                   {product} {ergonomic}
    uintx GCDrainStackTargetSize                   = 64                                        {product} {ergonomic}
   size_t InitialHeapSize                          = 134217728                                 {product} {ergonomic}
   size_t MarkStackSize                            = 4194304                                   {product} {ergonomic}
   size_t MaxHeapSize                              = 2147483648                                {product} {command line}
   size_t MaxNewSize                               = 1287651328                                {product} {ergonomic}
   size_t MinHeapDeltaBytes                        = 1048576                                   {product} {ergonomic}
    uintx NonNMethodCodeHeapSize                   = 5836300                                {pd product} {ergonomic}
    uintx NonProfiledCodeHeapSize                  = 122910970                              {pd product} {ergonomic}
    uintx ProfiledCodeHeapSize                     = 122910970                              {pd product} {ergonomic}
    uintx ReservedCodeCacheSize                    = 251658240                              {pd product} {ergonomic}
     bool SegmentedCodeCache                       = true                                      {product} {ergonomic}
     bool UseCompressedClassPointers               = true                                 {lp64_product} {ergonomic}
     bool UseCompressedOops                        = true                                 {lp64_product} {ergonomic}
     bool UseG1GC                                  = true                                      {product} {ergonomic}
     bool UseLargePagesIndividualAllocation        = false                                  {pd product} {ergonomic}

Logging:
Log output configuration:
 #0: stdout all=warning uptime,level,tags
 #1: stderr all=off uptime,level,tags

Environment Variables:
PATH=C:\Program Files (x86)\Common Files\Oracle\Java\javapath;C:\Windows\system32;C:\Windows;C:\Windows\System32\Wbem;C:\Windows\System32\WindowsPowerShell\v1.0\;C:\Windows\System32\OpenSSH\;C:\Program Files\dotnet\;C:\Program Files\Microsoft SQL Server\130\Tools\Binn\;C:\Program Files\Microsoft SQL Server\Client SDK\ODBC\170\Tools\Binn\;C:\Program Files\PuTTY\;C:\Program Files (x86)\Brackets\command;C:\Program Files (x86)\NVIDIA Corporation\PhysX\Common;C:\Users\User\AppData\Local\Microsoft\WindowsApps;C:\Users\User\.dotnet\tools;C:\Users\User\AppData\Local\Programs\Microsoft VS Code\bin;C:\Users\User\AppData\Local\Programs\Python\Python310;C:\Users\User\AppData\Local\Programs\Python\Python310\Scripts
USERNAME=User
OS=Windows_NT
PROCESSOR_IDENTIFIER=Intel64 Family 6 Model 158 Stepping 10, GenuineIntel



---------------  S Y S T E M  ---------------

OS: Windows 10 , 64 bit Build 19041 (10.0.19041.928)
OS uptime: 0 days 0:38 hours

CPU:total 12 (initial active 12) (6 cores per cpu, 2 threads per core) family 6 model 158 stepping 10 microcode 0xb4, cmov, cx8, fxsr, mmx, sse, sse2, sse3, ssse3, sse4.1, sse4.2, popcnt, avx, avx2, aes, clmul, erms, rtm, 3dnowpref, lzcnt, ht, tsc, tscinvbit, bmi1, bmi2, adx, fma

Memory: 4k page, system-wide physical 8068M (913M free)
TotalPageFile size 9988M (AvailPageFile size 5M)
current process WorkingSet (physical memory assigned to process): 426M, peak: 427M
current process commit charge ("private bytes"): 469M, peak: 470M

vm_info: OpenJDK 64-Bit Server VM (11.0.13+0-b1751.21-8125866) for windows-amd64 JRE (11.0.13+0-b1751.21-8125866), built on Feb  2 2022 03:00:22 by "builder" with MS VC++ 14.0 (VS2015)

END.
